Imports successful
Model Init Done.
Preprocessing Step Successful.
Initialization of train_data and val_data successful.
Training loop started:
[Epoch 0] train=0.124960 val=0.185400 loss=143735.186127 time: 33.450849
[Epoch 1] train=0.228225 val=0.267000 loss=125078.881836 time: 33.061120
[Epoch 2] train=0.312400 val=0.347500 loss=111017.541580 time: 33.333139
[Epoch 3] train=0.376563 val=0.403400 loss=99523.276474 time: 33.272180
[Epoch 4] train=0.424639 val=0.451500 loss=91247.794510 time: 33.382161
[Epoch 5] train=0.468369 val=0.439500 loss=84563.924301 time: 32.958262
[Epoch 6] train=0.501122 val=0.463200 loss=78834.396530 time: 33.273628
[Epoch 7] train=0.531771 val=0.471100 loss=73695.199356 time: 33.376386
[Epoch 8] train=0.556010 val=0.511500 loss=69701.341751 time: 33.292765
[Epoch 9] train=0.573237 val=0.543400 loss=66782.077744 time: 33.414262
[Epoch 10] train=0.593650 val=0.569500 loss=63628.859245 time: 33.484646
[Epoch 11] train=0.604006 val=0.596200 loss=62217.845871 time: 33.302317
[Epoch 12] train=0.624820 val=0.577000 loss=59088.321190 time: 33.343889
[Epoch 13] train=0.632312 val=0.618300 loss=57187.348755 time: 33.009670
[Epoch 14] train=0.644091 val=0.626300 loss=55701.067848 time: 33.371543
[Epoch 15] train=0.653766 val=0.626300 loss=53751.838272 time: 33.102172
[Epoch 16] train=0.663702 val=0.640600 loss=52613.177544 time: 33.359185
[Epoch 17] train=0.672536 val=0.634200 loss=51240.620361 time: 33.066275
[Epoch 18] train=0.679768 val=0.639200 loss=49748.250183 time: 33.324177
[Epoch 19] train=0.688381 val=0.643200 loss=48609.016365 time: 33.282624
[Epoch 20] train=0.693189 val=0.633100 loss=47690.865852 time: 33.318684
[Epoch 21] train=0.695613 val=0.644500 loss=47143.486389 time: 33.201759
[Epoch 22] train=0.703906 val=0.670800 loss=46105.889893 time: 33.366587
[Epoch 23] train=0.708934 val=0.663500 loss=45285.654968 time: 33.263763
[Epoch 24] train=0.712240 val=0.656300 loss=44866.189896 time: 33.373069
[Epoch 25] train=0.716066 val=0.670700 loss=44078.339294 time: 33.431825
[Epoch 26] train=0.721414 val=0.648100 loss=43287.584854 time: 33.092808
[Epoch 27] train=0.724299 val=0.668500 loss=42559.950310 time: 33.221973
[Epoch 28] train=0.729928 val=0.663800 loss=41821.888115 time: 33.180798
[Epoch 29] train=0.730068 val=0.677300 loss=41667.058754 time: 33.205509
[Epoch 30] train=0.786579 val=0.740100 loss=32948.466759 time: 33.226379
[Epoch 31] train=0.813802 val=0.743600 loss=28551.536987 time: 33.411209
[Epoch 32] train=0.823458 val=0.747900 loss=27163.548939 time: 33.338735
[Epoch 33] train=0.828025 val=0.750500 loss=26339.225460 time: 33.130036
[Epoch 34] train=0.834275 val=0.748500 loss=25530.597759 time: 33.383271
[Epoch 35] train=0.838281 val=0.751700 loss=24877.633404 time: 33.286314
[Epoch 36] train=0.843409 val=0.746600 loss=24064.870762 time: 33.121467
[Epoch 37] train=0.846554 val=0.751500 loss=23477.779957 time: 33.242134
[Epoch 38] train=0.848077 val=0.748500 loss=23226.482327 time: 33.281396
[Epoch 39] train=0.851162 val=0.753500 loss=22661.385281 time: 33.320411
[Epoch 40] train=0.854968 val=0.751400 loss=22169.505295 time: 33.328475
[Epoch 41] train=0.854507 val=0.749000 loss=21902.085585 time: 33.342617
[Epoch 42] train=0.859535 val=0.751900 loss=21312.213966 time: 33.313328
[Epoch 43] train=0.862660 val=0.750400 loss=21032.209850 time: 33.153785
[Epoch 44] train=0.864623 val=0.747300 loss=20632.542149 time: 33.294585
[Epoch 45] train=0.867167 val=0.747300 loss=20331.988480 time: 33.350599
[Epoch 46] train=0.868169 val=0.752700 loss=20012.734064 time: 33.084962
[Epoch 47] train=0.871334 val=0.752600 loss=19659.886324 time: 33.173205
[Epoch 48] train=0.872857 val=0.748000 loss=19352.322250 time: 32.902447
[Epoch 49] train=0.876022 val=0.745400 loss=18859.160549 time: 33.250147
[Epoch 50] train=0.877404 val=0.744700 loss=18476.795546 time: 33.198685
[Epoch 51] train=0.877865 val=0.743300 loss=18468.741016 time: 33.199180
[Epoch 52] train=0.878205 val=0.747800 loss=18176.893755 time: 33.342725
[Epoch 53] train=0.882612 val=0.749800 loss=17748.168139 time: 33.228706
[Epoch 54] train=0.883233 val=0.741300 loss=17620.734392 time: 32.967468
[Epoch 55] train=0.886659 val=0.750500 loss=17041.307177 time: 33.053646
[Epoch 56] train=0.885076 val=0.744200 loss=17129.374228 time: 33.225199
[Epoch 57] train=0.889143 val=0.740700 loss=16747.435505 time: 33.401005
[Epoch 58] train=0.890365 val=0.748500 loss=16442.556444 time: 33.156299
[Epoch 59] train=0.891887 val=0.748600 loss=16294.066278 time: 33.310144
[Epoch 60] train=0.903205 val=0.755900 loss=14741.275877 time: 33.442581
[Epoch 61] train=0.910677 val=0.755300 loss=13645.912689 time: 33.317096
[Epoch 62] train=0.913922 val=0.755500 loss=13311.345514 time: 33.427011
[Epoch 63] train=0.913862 val=0.754200 loss=13162.209623 time: 33.166404
[Epoch 64] train=0.916807 val=0.756400 loss=13033.671206 time: 33.275832
[Epoch 65] train=0.918349 val=0.757500 loss=12665.601316 time: 33.289208
[Epoch 66] train=0.917688 val=0.757200 loss=12758.605980 time: 33.291218
[Epoch 67] train=0.918209 val=0.755900 loss=12715.349158 time: 33.457042
[Epoch 68] train=0.918950 val=0.758700 loss=12587.179514 time: 33.378392
[Epoch 69] train=0.919631 val=0.756100 loss=12422.514010 time: 33.301154
[Epoch 70] train=0.920433 val=0.757400 loss=12248.817257 time: 33.024151
[Epoch 71] train=0.920493 val=0.757800 loss=12253.180403 time: 33.386992
[Epoch 72] train=0.920272 val=0.756400 loss=12203.080902 time: 33.214968
[Epoch 73] train=0.922616 val=0.756300 loss=11896.468400 time: 33.149642
[Epoch 74] train=0.922155 val=0.756500 loss=12048.953555 time: 33.101648
[Epoch 75] train=0.922676 val=0.756500 loss=11935.511783 time: 33.286163
[Epoch 76] train=0.923037 val=0.758300 loss=11803.621490 time: 33.330495
[Epoch 77] train=0.922476 val=0.759800 loss=11811.231777 time: 33.281255
[Epoch 78] train=0.923037 val=0.759500 loss=11782.448421 time: 33.337359
[Epoch 79] train=0.923297 val=0.758200 loss=11756.210802 time: 33.230791
[Epoch 80] train=0.924359 val=0.756300 loss=11732.164563 time: 33.271221
[Epoch 81] train=0.925441 val=0.756100 loss=11450.961602 time: 33.230933
[Epoch 82] train=0.926783 val=0.757900 loss=11428.569324 time: 33.190999
[Epoch 83] train=0.926182 val=0.756400 loss=11449.792865 time: 33.370503
[Epoch 84] train=0.925200 val=0.755500 loss=11382.046453 time: 33.117267
[Epoch 85] train=0.925501 val=0.756100 loss=11517.277418 time: 33.161026
[Epoch 86] train=0.926342 val=0.756500 loss=11387.062364 time: 33.102627
[Epoch 87] train=0.927264 val=0.758100 loss=11164.735831 time: 33.186468
[Epoch 88] train=0.928425 val=0.757600 loss=11090.987033 time: 33.165818
[Epoch 89] train=0.927564 val=0.756600 loss=11149.905527 time: 33.228890
[Epoch 90] train=0.928886 val=0.757000 loss=10973.079749 time: 33.162900
[Epoch 91] train=0.928726 val=0.757900 loss=10948.291982 time: 33.433178
[Epoch 92] train=0.930128 val=0.756200 loss=10875.601035 time: 33.061468
[Epoch 93] train=0.929527 val=0.757300 loss=10914.787033 time: 33.077907
[Epoch 94] train=0.928986 val=0.757700 loss=10922.805130 time: 33.106622
[Epoch 95] train=0.931550 val=0.758300 loss=10726.979251 time: 33.275568
[Epoch 96] train=0.930449 val=0.757700 loss=10722.502359 time: 33.140429
[Epoch 97] train=0.930609 val=0.756700 loss=10682.803458 time: 33.245694
[Epoch 98] train=0.932672 val=0.757200 loss=10565.907581 time: 33.433819
[Epoch 99] train=0.931671 val=0.756700 loss=10638.687034 time: 33.398181
[Epoch 100] train=0.929006 val=0.756000 loss=10795.788616 time: 33.008120
[Epoch 101] train=0.931090 val=0.757300 loss=10772.231331 time: 33.516378
[Epoch 102] train=0.932392 val=0.758700 loss=10678.495669 time: 33.010969
[Epoch 103] train=0.932232 val=0.756200 loss=10640.719928 time: 33.037206
[Epoch 104] train=0.930329 val=0.758100 loss=10696.765998 time: 33.133839
[Epoch 105] train=0.930329 val=0.759300 loss=10720.889976 time: 33.173331
[Epoch 106] train=0.930469 val=0.758700 loss=10690.360032 time: 33.245933
[Epoch 107] train=0.929647 val=0.758300 loss=10837.764765 time: 32.970418
[Epoch 108] train=0.930469 val=0.758200 loss=10704.406461 time: 33.306416
[Epoch 109] train=0.929387 val=0.759800 loss=10853.859489 time: 33.287235
[Epoch 110] train=0.933353 val=0.758400 loss=10560.598083 time: 33.139339
[Epoch 111] train=0.931210 val=0.759000 loss=10643.746249 time: 33.082824
[Epoch 112] train=0.930689 val=0.758500 loss=10669.444282 time: 33.188885
[Epoch 113] train=0.931290 val=0.756700 loss=10638.334785 time: 33.133618
[Epoch 114] train=0.931530 val=0.758600 loss=10642.367057 time: 33.063950
[Epoch 115] train=0.932893 val=0.757600 loss=10450.101543 time: 33.239321
[Epoch 116] train=0.931911 val=0.758900 loss=10674.052573 time: 33.007948
[Epoch 117] train=0.930188 val=0.756800 loss=10720.693979 time: 33.142727
[Epoch 118] train=0.931550 val=0.756700 loss=10555.392748 time: 33.196422
[Epoch 119] train=0.930709 val=0.759100 loss=10667.388515 time: 33.504683
Done.
