Imports successful
Model Init Done.
Preprocessing Step Successful.
Initialization of train_data and val_data successful.
Training loop started:
[Epoch 0] train=0.170212 val=0.199500 loss=136626.794373 time: 109.028730
[Epoch 1] train=0.266226 val=0.292500 loss=118078.419220 time: 109.030866
[Epoch 2] train=0.341106 val=0.374300 loss=105124.337814 time: 109.108085
[Epoch 3] train=0.397376 val=0.362000 loss=95703.626389 time: 109.975891
[Epoch 4] train=0.443269 val=0.440100 loss=88078.744064 time: 110.403693
[Epoch 5] train=0.481831 val=0.468900 loss=81906.453674 time: 111.288701
[Epoch 6] train=0.508894 val=0.454600 loss=77345.567322 time: 110.139008
[Epoch 7] train=0.535557 val=0.538900 loss=72958.309875 time: 108.450594
[Epoch 8] train=0.555188 val=0.546200 loss=69502.372482 time: 109.458164
[Epoch 9] train=0.578145 val=0.532600 loss=65822.316307 time: 110.784328
[Epoch 10] train=0.590024 val=0.566400 loss=63743.863510 time: 109.271316
[Epoch 11] train=0.609415 val=0.583000 loss=60859.896233 time: 110.226528
[Epoch 12] train=0.618510 val=0.595300 loss=59006.865952 time: 110.232155
[Epoch 13] train=0.631911 val=0.614700 loss=57080.810898 time: 110.958920
[Epoch 14] train=0.642748 val=0.573800 loss=55340.019920 time: 110.113773
[Epoch 15] train=0.656290 val=0.636800 loss=53631.244888 time: 108.655535
[Epoch 16] train=0.659495 val=0.633700 loss=52250.752747 time: 109.403065
[Epoch 17] train=0.673978 val=0.631300 loss=50453.808258 time: 110.153405
[Epoch 18] train=0.681130 val=0.613300 loss=49177.963852 time: 111.256092
[Epoch 19] train=0.686619 val=0.632300 loss=47943.638443 time: 109.963180
[Epoch 20] train=0.696915 val=0.639400 loss=46900.479256 time: 108.860976
[Epoch 21] train=0.706811 val=0.628900 loss=45220.806808 time: 109.872059
[Epoch 22] train=0.708013 val=0.643700 loss=44778.149727 time: 110.333760
[Epoch 23] train=0.718530 val=0.668500 loss=43544.822746 time: 110.251223
[Epoch 24] train=0.720493 val=0.674500 loss=42693.340454 time: 110.229252
[Epoch 25] train=0.731490 val=0.670300 loss=41562.540924 time: 109.303262
[Epoch 26] train=0.734876 val=0.658900 loss=40563.156715 time: 110.395419
[Epoch 27] train=0.740365 val=0.673100 loss=39881.092392 time: 109.585510
[Epoch 28] train=0.748337 val=0.665700 loss=38859.224274 time: 108.832401
[Epoch 29] train=0.749880 val=0.690300 loss=38234.818512 time: 109.773757
[Epoch 30] train=0.796474 val=0.725200 loss=31498.286068 time: 109.584224
[Epoch 31] train=0.806891 val=0.729400 loss=29801.543621 time: 109.441846
[Epoch 32] train=0.813101 val=0.732400 loss=28836.282204 time: 111.323778
[Epoch 33] train=0.816146 val=0.732700 loss=28304.174580 time: 109.906513
[Epoch 34] train=0.816727 val=0.733700 loss=28073.713108 time: 109.106161
[Epoch 35] train=0.823718 val=0.732300 loss=27369.853786 time: 109.066286
[Epoch 36] train=0.822396 val=0.735100 loss=27167.858852 time: 109.725208
[Epoch 37] train=0.824559 val=0.734600 loss=27042.919456 time: 109.154095
[Epoch 38] train=0.826262 val=0.730700 loss=26520.393902 time: 109.668779
[Epoch 39] train=0.828125 val=0.733600 loss=26356.335110 time: 109.000933
[Epoch 40] train=0.828866 val=0.734800 loss=26180.091080 time: 109.755386
[Epoch 41] train=0.830369 val=0.735700 loss=26126.204468 time: 109.891629
[Epoch 42] train=0.832131 val=0.735900 loss=25597.761417 time: 111.003738
[Epoch 43] train=0.833333 val=0.733200 loss=25446.955849 time: 108.752164
[Epoch 44] train=0.835397 val=0.740900 loss=25230.100914 time: 109.617615
[Epoch 45] train=0.837079 val=0.735000 loss=24820.455585 time: 109.906652
[Epoch 46] train=0.840465 val=0.732200 loss=24761.206596 time: 108.914545
[Epoch 47] train=0.839002 val=0.734600 loss=24633.785179 time: 110.443352
[Epoch 48] train=0.841727 val=0.736800 loss=24155.890694 time: 110.221732
[Epoch 49] train=0.840905 val=0.736700 loss=24240.123272 time: 109.673029
[Epoch 50] train=0.845072 val=0.733900 loss=23822.232685 time: 109.392664
[Epoch 51] train=0.842969 val=0.734000 loss=23738.127567 time: 109.648187
[Epoch 52] train=0.845232 val=0.732200 loss=23590.578419 time: 108.458849
[Epoch 53] train=0.843770 val=0.731100 loss=23746.258179 time: 111.108537
[Epoch 54] train=0.845653 val=0.731900 loss=23535.841560 time: 109.421981
[Epoch 55] train=0.847656 val=0.734800 loss=23106.575096 time: 110.132250
[Epoch 56] train=0.848297 val=0.734600 loss=23012.994673 time: 109.942960
[Epoch 57] train=0.851583 val=0.734200 loss=22648.898542 time: 110.544081
[Epoch 58] train=0.851002 val=0.732100 loss=22719.033417 time: 110.685363
[Epoch 59] train=0.854046 val=0.731600 loss=22419.607803 time: 108.882883
[Epoch 60] train=0.858714 val=0.735300 loss=21645.142029 time: 109.036395
[Epoch 61] train=0.859095 val=0.734000 loss=21483.440140 time: 110.768130
[Epoch 62] train=0.859595 val=0.735000 loss=21188.240715 time: 108.930435
[Epoch 63] train=0.857612 val=0.735600 loss=21568.099167 time: 110.978085
[Epoch 64] train=0.858133 val=0.736900 loss=21424.099909 time: 110.284942
[Epoch 65] train=0.859655 val=0.737800 loss=21264.676018 time: 110.140002
[Epoch 66] train=0.860056 val=0.737200 loss=21375.048794 time: 110.099985
[Epoch 67] train=0.860357 val=0.737900 loss=21107.002558 time: 110.738485
[Epoch 68] train=0.860136 val=0.735100 loss=21286.453936 time: 110.730710
[Epoch 69] train=0.860537 val=0.735500 loss=21151.376942 time: 109.512687
[Epoch 70] train=0.862260 val=0.736200 loss=21132.736601 time: 109.687497
[Epoch 71] train=0.861799 val=0.735400 loss=21124.155994 time: 109.427842
[Epoch 72] train=0.861719 val=0.736500 loss=21076.457537 time: 108.719599
[Epoch 73] train=0.862800 val=0.736000 loss=21001.004730 time: 111.636337
[Epoch 74] train=0.862019 val=0.734400 loss=20894.765453 time: 109.335672
[Epoch 75] train=0.862240 val=0.735000 loss=21051.072659 time: 108.100770
[Epoch 76] train=0.861999 val=0.735800 loss=20965.319084 time: 110.401654
[Epoch 77] train=0.864383 val=0.736500 loss=20868.291996 time: 109.981424
[Epoch 78] train=0.861318 val=0.736500 loss=21023.894356 time: 110.206752
[Epoch 79] train=0.862179 val=0.736800 loss=20787.790548 time: 109.370087
[Epoch 80] train=0.861118 val=0.736200 loss=20957.919497 time: 108.410759
[Epoch 81] train=0.862360 val=0.737000 loss=20830.513027 time: 110.624026
[Epoch 82] train=0.862821 val=0.734600 loss=20824.587229 time: 109.041356
[Epoch 83] train=0.863241 val=0.735600 loss=20860.143774 time: 108.913368
[Epoch 84] train=0.862620 val=0.736900 loss=20819.601444 time: 108.784356
[Epoch 85] train=0.863001 val=0.734900 loss=20812.843546 time: 108.913665
[Epoch 86] train=0.864463 val=0.736400 loss=20694.665722 time: 110.121095
[Epoch 87] train=0.863181 val=0.736200 loss=20696.255966 time: 110.604712
[Epoch 88] train=0.864744 val=0.734500 loss=20822.083260 time: 109.521782
[Epoch 89] train=0.863001 val=0.735300 loss=20693.469070 time: 110.236637
[Epoch 90] train=0.864904 val=0.736700 loss=20754.939661 time: 110.749881
[Epoch 91] train=0.866146 val=0.735900 loss=20579.090738 time: 111.063863
[Epoch 92] train=0.866086 val=0.736300 loss=20414.911114 time: 110.402435
[Epoch 93] train=0.864724 val=0.735000 loss=20696.455990 time: 109.909014
[Epoch 94] train=0.864944 val=0.735600 loss=20832.466366 time: 109.588166
[Epoch 95] train=0.861839 val=0.735300 loss=20751.954086 time: 110.420367
[Epoch 96] train=0.864543 val=0.736100 loss=20632.979139 time: 109.424547
[Epoch 97] train=0.865585 val=0.735000 loss=20571.578274 time: 110.277454
[Epoch 98] train=0.865825 val=0.736200 loss=20541.813223 time: 110.430500
[Epoch 99] train=0.865004 val=0.736000 loss=20560.381392 time: 108.127401
[Epoch 100] train=0.864503 val=0.735900 loss=20652.532890 time: 110.201370
[Epoch 101] train=0.864423 val=0.734600 loss=20598.076786 time: 112.234864
[Epoch 102] train=0.866546 val=0.736100 loss=20597.498104 time: 111.163574
[Epoch 103] train=0.865244 val=0.736100 loss=20575.790146 time: 109.477593
[Epoch 104] train=0.864423 val=0.735700 loss=20755.012875 time: 109.999042
[Epoch 105] train=0.865725 val=0.736300 loss=20422.707151 time: 110.750824
[Epoch 106] train=0.865785 val=0.736800 loss=20394.409033 time: 109.902158
[Epoch 107] train=0.863882 val=0.737100 loss=20741.900087 time: 110.002273
[Epoch 108] train=0.864443 val=0.735300 loss=20594.072819 time: 109.730907
[Epoch 109] train=0.865905 val=0.737400 loss=20554.455507 time: 109.364335
[Epoch 110] train=0.865485 val=0.735300 loss=20503.987722 time: 109.739287
[Epoch 111] train=0.866967 val=0.736000 loss=20473.332066 time: 110.545079
[Epoch 112] train=0.865785 val=0.735900 loss=20351.171690 time: 112.177661
[Epoch 113] train=0.864403 val=0.736000 loss=20706.779055 time: 112.075301
[Epoch 114] train=0.865164 val=0.734500 loss=20610.652231 time: 108.953846
[Epoch 115] train=0.867568 val=0.734300 loss=20299.931801 time: 109.554606
[Epoch 116] train=0.867708 val=0.736100 loss=20464.013332 time: 111.651322
[Epoch 117] train=0.864423 val=0.736400 loss=20674.377949 time: 110.544269
[Epoch 118] train=0.864263 val=0.736200 loss=20694.318577 time: 109.946247
[Epoch 119] train=0.867067 val=0.737600 loss=20296.492048 time: 109.638671
Done.
