Imports Successful.
Net Init Complete.
RecordIter Setup Done.
Epoch[0] Batch [49]     Speed: 213.386576 samples/sec   top1-err=0.998750     top5-err=0.994375
Epoch[0] Batch [99]     Speed: 298.766134 samples/sec   top1-err=0.998437     top5-err=0.995313
Epoch[0] Batch [149]     Speed: 299.454819 samples/sec   top1-err=0.998333     top5-err=0.994583
Epoch[0] Batch [199]     Speed: 300.080533 samples/sec   top1-err=0.997812     top5-err=0.994375
Epoch[0] Batch [249]     Speed: 299.511833 samples/sec   top1-err=0.997875     top5-err=0.993375
Epoch[0] Batch [299]     Speed: 300.441420 samples/sec   top1-err=0.998021     top5-err=0.993854
Epoch[0] Batch [349]     Speed: 299.823431 samples/sec   top1-err=0.997946     top5-err=0.993929
Epoch[0] Batch [399]     Speed: 299.382159 samples/sec   top1-err=0.998047     top5-err=0.993906
Epoch[0] Batch [449]     Speed: 301.161874 samples/sec   top1-err=0.998194     top5-err=0.993819
Epoch[0] Batch [499]     Speed: 301.862760 samples/sec   top1-err=0.997938     top5-err=0.993500
Epoch[0] Batch [549]     Speed: 302.438904 samples/sec   top1-err=0.997614     top5-err=0.993182
Epoch[0] Batch [599]     Speed: 300.591092 samples/sec   top1-err=0.997760     top5-err=0.993021
Epoch[0] Batch [649]     Speed: 295.444899 samples/sec   top1-err=0.997740     top5-err=0.992692
Epoch[0] Batch [699]     Speed: 295.027150 samples/sec   top1-err=0.997812     top5-err=0.992455
Epoch[0] Batch [749]     Speed: 294.770785 samples/sec   top1-err=0.997625     top5-err=0.992250
Epoch[0] Batch [799]     Speed: 295.364213 samples/sec   top1-err=0.997617     top5-err=0.992070
Epoch[0] Batch [849]     Speed: 294.424133 samples/sec   top1-err=0.997647     top5-err=0.991949
Epoch[0] Batch [899]     Speed: 298.620972 samples/sec   top1-err=0.997674     top5-err=0.991632
Epoch[0] Batch [949]     Speed: 299.134812 samples/sec   top1-err=0.997796     top5-err=0.991447
Epoch[0] Batch [999]     Speed: 297.982904 samples/sec   top1-err=0.997844     top5-err=0.991313
Epoch[0] Batch [1049]     Speed: 298.263301 samples/sec   top1-err=0.997827     top5-err=0.991101
Epoch[0] Batch [1099]     Speed: 298.800920 samples/sec   top1-err=0.997699     top5-err=0.990767
Epoch[0] Batch [1149]     Speed: 299.452013 samples/sec   top1-err=0.997690     top5-err=0.990679
Epoch[0] Batch [1199]     Speed: 299.482682 samples/sec   top1-err=0.997682     top5-err=0.990443
Epoch[0] Batch [1249]     Speed: 297.717549 samples/sec   top1-err=0.997700     top5-err=0.990250
Epoch[0] Batch [1299]     Speed: 295.928935 samples/sec   top1-err=0.997572     top5-err=0.990048
Epoch[0] Batch [1349]     Speed: 297.779770 samples/sec   top1-err=0.997546     top5-err=0.989884
Epoch[0] Batch [1399]     Speed: 297.549562 samples/sec   top1-err=0.997500     top5-err=0.989688
Epoch[0] Batch [1449]     Speed: 297.766320 samples/sec   top1-err=0.997371     top5-err=0.989138
Epoch[0] Batch [1499]     Speed: 298.209080 samples/sec   top1-err=0.997417     top5-err=0.988979
Epoch[0] Batch [1549]     Speed: 297.410627 samples/sec   top1-err=0.997419     top5-err=0.988931
Epoch[0] Batch [1599]     Speed: 298.189270 samples/sec   top1-err=0.997402     top5-err=0.988770
Epoch[0] Batch [1649]     Speed: 300.101601 samples/sec   top1-err=0.997386     top5-err=0.988731
Epoch[0] Batch [1699]     Speed: 299.034656 samples/sec   top1-err=0.997390     top5-err=0.988805
Epoch[0] Batch [1749]     Speed: 299.150867 samples/sec   top1-err=0.997393     top5-err=0.988679
Epoch[0] Batch [1799]     Speed: 298.284155 samples/sec   top1-err=0.997326     top5-err=0.988455
Epoch[0] Batch [1849]     Speed: 299.802965 samples/sec   top1-err=0.997365     top5-err=0.988294
Epoch[0] Batch [1899]     Speed: 300.462351 samples/sec   top1-err=0.997336     top5-err=0.988240
Epoch[0] Batch [1949]     Speed: 298.935605 samples/sec   top1-err=0.997276     top5-err=0.987933
Epoch[0] Batch [1999]     Speed: 300.387399 samples/sec   top1-err=0.997234     top5-err=0.987750
Epoch[0] Batch [2049]     Speed: 299.639293 samples/sec   top1-err=0.997134     top5-err=0.987622
Epoch[0] Batch [2099]     Speed: 300.214345 samples/sec   top1-err=0.997068     top5-err=0.987396
Epoch[0] Batch [2149]     Speed: 299.720872 samples/sec   top1-err=0.997064     top5-err=0.987122
Epoch[0] Batch [2199]     Speed: 299.516405 samples/sec   top1-err=0.996989     top5-err=0.986960
Epoch[0] Batch [2249]     Speed: 300.095991 samples/sec   top1-err=0.996833     top5-err=0.986639
Epoch[0] Batch [2299]     Speed: 300.783224 samples/sec   top1-err=0.996821     top5-err=0.986495
Epoch[0] Batch [2349]     Speed: 299.826285 samples/sec   top1-err=0.996715     top5-err=0.986237
Epoch[0] Batch [2399]     Speed: 299.920471 samples/sec   top1-err=0.996745     top5-err=0.986120
Epoch[0] Batch [2449]     Speed: 298.838695 samples/sec   top1-err=0.996709     top5-err=0.985982
Epoch[0] Batch [2499]     Speed: 299.821610 samples/sec   top1-err=0.996738     top5-err=0.985838
Epoch[0] Batch [2549]     Speed: 299.630128 samples/sec   top1-err=0.996716     top5-err=0.985699
Epoch[0] Batch [2599]     Speed: 297.463648 samples/sec   top1-err=0.996743     top5-err=0.985517
Epoch[0] Batch [2649]     Speed: 300.220685 samples/sec   top1-err=0.996733     top5-err=0.985259
Epoch[0] Batch [2699]     Speed: 298.325168 samples/sec   top1-err=0.996690     top5-err=0.984988
Epoch[0] Batch [2749]     Speed: 298.906512 samples/sec   top1-err=0.996636     top5-err=0.984818
Epoch[0] Batch [2799]     Speed: 299.606491 samples/sec   top1-err=0.996551     top5-err=0.984665
Epoch[0] Batch [2849]     Speed: 298.948722 samples/sec   top1-err=0.996513     top5-err=0.984550
Epoch[0] Batch [2899]     Speed: 299.458787 samples/sec   top1-err=0.996444     top5-err=0.984289
Epoch[0] Batch [2949]     Speed: 299.978642 samples/sec   top1-err=0.996441     top5-err=0.984195
Epoch[0] Batch [2999]     Speed: 299.246071 samples/sec   top1-err=0.996417     top5-err=0.984104
Epoch[0] Batch [3049]     Speed: 298.565956 samples/sec   top1-err=0.996383     top5-err=0.983965
Epoch[0] Batch [3099]     Speed: 298.468423 samples/sec   top1-err=0.996321     top5-err=0.983740
Epoch[0] Batch [3149]     Speed: 297.442830 samples/sec   top1-err=0.996280     top5-err=0.983532
Epoch[0] Batch [3199]     Speed: 298.397661 samples/sec   top1-err=0.996201     top5-err=0.983301
Epoch[0] Batch [3249]     Speed: 298.091401 samples/sec   top1-err=0.996183     top5-err=0.983067
Epoch[0] Batch [3299]     Speed: 298.132944 samples/sec   top1-err=0.996108     top5-err=0.982907
Epoch[0] Batch [3349]     Speed: 298.321362 samples/sec   top1-err=0.996007     top5-err=0.982565
Epoch[0] Batch [3399]     Speed: 297.955373 samples/sec   top1-err=0.995974     top5-err=0.982399
Epoch[0] Batch [3449]     Speed: 297.744601 samples/sec   top1-err=0.995924     top5-err=0.982201
Epoch[0] Batch [3499]     Speed: 297.679621 samples/sec   top1-err=0.995812     top5-err=0.981929
Epoch[0] Batch [3549]     Speed: 297.969978 samples/sec   top1-err=0.995783     top5-err=0.981831
Epoch[0] Batch [3599]     Speed: 298.040154 samples/sec   top1-err=0.995651     top5-err=0.981554
Epoch[0] Batch [3649]     Speed: 298.989238 samples/sec   top1-err=0.995591     top5-err=0.981353
Epoch[0] Batch [3699]     Speed: 298.212154 samples/sec   top1-err=0.995532     top5-err=0.981140
Epoch[0] Batch [3749]     Speed: 299.161949 samples/sec   top1-err=0.995517     top5-err=0.981008
Epoch[0] Batch [3799]     Speed: 299.412854 samples/sec   top1-err=0.995510     top5-err=0.980880
Epoch[0] Batch [3849]     Speed: 299.350575 samples/sec   top1-err=0.995455     top5-err=0.980666
Epoch[0] Batch [3899]     Speed: 299.184316 samples/sec   top1-err=0.995393     top5-err=0.980337
Epoch[0] Batch [3949]     Speed: 299.896145 samples/sec   top1-err=0.995340     top5-err=0.980222
Epoch[0] Batch [3999]     Speed: 299.395288 samples/sec   top1-err=0.995305     top5-err=0.980094
Epoch[0] Batch [4049]     Speed: 299.980761 samples/sec   top1-err=0.995247     top5-err=0.979954
Epoch[0] Batch [4099]     Speed: 300.490590 samples/sec   top1-err=0.995191     top5-err=0.979733
Epoch[0] Batch [4149]     Speed: 299.769913 samples/sec   top1-err=0.995143     top5-err=0.979473
Epoch[0] Batch [4199]     Speed: 299.925940 samples/sec   top1-err=0.995037     top5-err=0.979308
Epoch[0] Batch [4249]     Speed: 299.439105 samples/sec   top1-err=0.994949     top5-err=0.979059
Epoch[0] Batch [4299]     Speed: 298.807745 samples/sec   top1-err=0.994891     top5-err=0.978794
Epoch[0] Batch [4349]     Speed: 298.407055 samples/sec   top1-err=0.994792     top5-err=0.978506
Epoch[0] Batch [4399]     Speed: 298.696959 samples/sec   top1-err=0.994751     top5-err=0.978267
Epoch[0] Batch [4449]     Speed: 299.079740 samples/sec   top1-err=0.994712     top5-err=0.978083
Epoch[0] Batch [4499]     Speed: 299.268236 samples/sec   top1-err=0.994660     top5-err=0.977896
Epoch[0] Batch [4549]     Speed: 298.577260 samples/sec   top1-err=0.994574     top5-err=0.977692
Epoch[0] Batch [4599]     Speed: 298.279077 samples/sec   top1-err=0.994524     top5-err=0.977507
Epoch[0] Batch [4649]     Speed: 299.334940 samples/sec   top1-err=0.994469     top5-err=0.977319
Epoch[0] Batch [4699]     Speed: 298.249396 samples/sec   top1-err=0.994428     top5-err=0.977101
Epoch[0] Batch [4749]     Speed: 294.797019 samples/sec   top1-err=0.994349     top5-err=0.976783
Epoch[0] Batch [4799]     Speed: 294.104496 samples/sec   top1-err=0.994277     top5-err=0.976582
Epoch[0] Batch [4849]     Speed: 293.826535 samples/sec   top1-err=0.994233     top5-err=0.976347
Epoch[0] Batch [4899]     Speed: 295.692353 samples/sec   top1-err=0.994158     top5-err=0.976091
Epoch[0] Batch [4949]     Speed: 296.527564 samples/sec   top1-err=0.994097     top5-err=0.975859
Epoch[0] Batch [4999]     Speed: 297.306511 samples/sec   top1-err=0.994019     top5-err=0.975600
Epoch[0] Batch [5049]     Speed: 299.394340 samples/sec   top1-err=0.993948     top5-err=0.975433
Epoch[0] Batch [5099]     Speed: 296.538544 samples/sec   top1-err=0.993860     top5-err=0.975208
Epoch[0] Batch [5149]     Speed: 299.282504 samples/sec   top1-err=0.993750     top5-err=0.974879
Epoch[0] Batch [5199]     Speed: 298.826426 samples/sec   top1-err=0.993714     top5-err=0.974501
Epoch[0] Batch [5249]     Speed: 298.169490 samples/sec   top1-err=0.993619     top5-err=0.974202
Epoch[0] Batch [5299]     Speed: 298.839241 samples/sec   top1-err=0.993550     top5-err=0.973956
Epoch[0] Batch [5349]     Speed: 297.998399 samples/sec   top1-err=0.993516     top5-err=0.973773
Epoch[0] Batch [5399]     Speed: 296.637914 samples/sec   top1-err=0.993484     top5-err=0.973600
Epoch[0] Batch [5449]     Speed: 299.129852 samples/sec   top1-err=0.993423     top5-err=0.973326
Epoch[0] Batch [5499]     Speed: 298.196386 samples/sec   top1-err=0.993301     top5-err=0.973011
Epoch[0] Batch [5549]     Speed: 297.397486 samples/sec   top1-err=0.993164     top5-err=0.972720
Epoch[0] Batch [5599]     Speed: 298.551664 samples/sec   top1-err=0.993114     top5-err=0.972500
Epoch[0] Batch [5649]     Speed: 297.909476 samples/sec   top1-err=0.993009     top5-err=0.972268
Epoch[0] Batch [5699]     Speed: 299.571263 samples/sec   top1-err=0.992933     top5-err=0.972012
Epoch[0] Batch [5749]     Speed: 298.658435 samples/sec   top1-err=0.992859     top5-err=0.971777
Epoch[0] Batch [5799]     Speed: 299.936570 samples/sec   top1-err=0.992802     top5-err=0.971455
Epoch[0] Batch [5849]     Speed: 299.255852 samples/sec   top1-err=0.992714     top5-err=0.971106
Epoch[0] Batch [5899]     Speed: 299.840645 samples/sec   top1-err=0.992627     top5-err=0.970784
Epoch[0] Batch [5949]     Speed: 299.647427 samples/sec   top1-err=0.992574     top5-err=0.970578
Epoch[0] Batch [5999]     Speed: 299.701477 samples/sec   top1-err=0.992510     top5-err=0.970297
Epoch[0] Batch [6049]     Speed: 300.267982 samples/sec   top1-err=0.992376     top5-err=0.969907
Epoch[0] Batch [6099]     Speed: 300.276285 samples/sec   top1-err=0.992310     top5-err=0.969503
Epoch[0] Batch [6149]     Speed: 298.990850 samples/sec   top1-err=0.992221     top5-err=0.969243
Epoch[0] Batch [6199]     Speed: 300.009714 samples/sec   top1-err=0.992162     top5-err=0.969037
Epoch[0] Batch [6249]     Speed: 300.404705 samples/sec   top1-err=0.992130     top5-err=0.968670
Epoch[0] Batch [6299]     Speed: 300.145679 samples/sec   top1-err=0.992039     top5-err=0.968403
Epoch[0] Batch [6349]     Speed: 299.615520 samples/sec   top1-err=0.991954     top5-err=0.968051
Epoch[0] Batch [6399]     Speed: 298.741237 samples/sec   top1-err=0.991880     top5-err=0.967759
Epoch[0] Batch [6449]     Speed: 298.621198 samples/sec   top1-err=0.991802     top5-err=0.967510
Epoch[0] Batch [6499]     Speed: 300.480755 samples/sec   top1-err=0.991716     top5-err=0.967187
Epoch[0] Batch [6549]     Speed: 300.289076 samples/sec   top1-err=0.991632     top5-err=0.966885
Epoch[0] Batch [6599]     Speed: 300.374021 samples/sec   top1-err=0.991544     top5-err=0.966634
Epoch[0] Batch [6649]     Speed: 300.352942 samples/sec   top1-err=0.991480     top5-err=0.966419
Epoch[0] Batch [6699]     Speed: 299.096722 samples/sec   top1-err=0.991423     top5-err=0.966189
Epoch[0] Batch [6749]     Speed: 299.434897 samples/sec   top1-err=0.991347     top5-err=0.965921
Epoch[0] Batch [6799]     Speed: 300.305510 samples/sec   top1-err=0.991236     top5-err=0.965616
Epoch[0] Batch [6849]     Speed: 300.732139 samples/sec   top1-err=0.991168     top5-err=0.965338
Epoch[0] Batch [6899]     Speed: 300.855595 samples/sec   top1-err=0.991060     top5-err=0.965041
Epoch[0] Batch [6949]     Speed: 299.447657 samples/sec   top1-err=0.990958     top5-err=0.964784
Epoch[0] Batch [6999]     Speed: 300.222766 samples/sec   top1-err=0.990830     top5-err=0.964433
Epoch[0] Batch [7049]     Speed: 300.267082 samples/sec   top1-err=0.990745     top5-err=0.964167
Epoch[0] Batch [7099]     Speed: 300.353520 samples/sec   top1-err=0.990669     top5-err=0.963864
Epoch[0] Batch [7149]     Speed: 299.847906 samples/sec   top1-err=0.990581     top5-err=0.963610
Epoch[0] Batch [7199]     Speed: 299.522514 samples/sec   top1-err=0.990486     top5-err=0.963303
Epoch[0] Batch [7249]     Speed: 299.849970 samples/sec   top1-err=0.990401     top5-err=0.963017
Epoch[0] Batch [7299]     Speed: 299.034909 samples/sec   top1-err=0.990278     top5-err=0.962693
Epoch[0] Batch [7349]     Speed: 298.637715 samples/sec   top1-err=0.990200     top5-err=0.962360
Epoch[0] Batch [7399]     Speed: 298.858205 samples/sec   top1-err=0.990148     top5-err=0.962116
Epoch[0] Batch [7449]     Speed: 298.910093 samples/sec   top1-err=0.990050     top5-err=0.961766
Epoch[0] Batch [7499]     Speed: 299.827892 samples/sec   top1-err=0.989942     top5-err=0.961392
Epoch[0] Batch [7549]     Speed: 299.943461 samples/sec   top1-err=0.989810     top5-err=0.961060
Epoch[0] Batch [7599]     Speed: 299.624978 samples/sec   top1-err=0.989729     top5-err=0.960761
Epoch[0] Batch [7649]     Speed: 298.928507 samples/sec   top1-err=0.989665     top5-err=0.960535
Epoch[0] Batch [7699]     Speed: 298.808956 samples/sec   top1-err=0.989550     top5-err=0.960170
Epoch[0] Batch [7749]     Speed: 299.340361 samples/sec   top1-err=0.989456     top5-err=0.959903
Epoch[0] Batch [7799]     Speed: 300.165763 samples/sec   top1-err=0.989335     top5-err=0.959591
Epoch[0] Batch [7849]     Speed: 298.691415 samples/sec   top1-err=0.989252     top5-err=0.959371
Epoch[0] Batch [7899]     Speed: 298.612056 samples/sec   top1-err=0.989157     top5-err=0.959063
Epoch[0] Batch [7949]     Speed: 298.175213 samples/sec   top1-err=0.989080     top5-err=0.958840
Epoch[0] Batch [7999]     Speed: 298.832667 samples/sec   top1-err=0.989008     top5-err=0.958531
Epoch[0] Batch [8049]     Speed: 299.563975 samples/sec   top1-err=0.988948     top5-err=0.958261
Epoch[0] Batch [8099]     Speed: 298.343961 samples/sec   top1-err=0.988870     top5-err=0.957932
Epoch[0] Batch [8149]     Speed: 299.788380 samples/sec   top1-err=0.988788     top5-err=0.957630
Epoch[0] Batch [8199]     Speed: 297.864108 samples/sec   top1-err=0.988704     top5-err=0.957332
Epoch[0] Batch [8249]     Speed: 298.953196 samples/sec   top1-err=0.988629     top5-err=0.957049
Epoch[0] Batch [8299]     Speed: 299.497812 samples/sec   top1-err=0.988524     top5-err=0.956762
Epoch[0] Batch [8349]     Speed: 299.915324 samples/sec   top1-err=0.988417     top5-err=0.956411
Epoch[0] Batch [8399]     Speed: 300.078104 samples/sec   top1-err=0.988330     top5-err=0.956228
Epoch[0] Batch [8449]     Speed: 300.382411 samples/sec   top1-err=0.988217     top5-err=0.955810
Epoch[0] Batch [8499]     Speed: 299.140293 samples/sec   top1-err=0.988099     top5-err=0.955467
Epoch[0] Batch [8549]     Speed: 298.311177 samples/sec   top1-err=0.987986     top5-err=0.955161
Epoch[0] Batch [8599]     Speed: 298.058726 samples/sec   top1-err=0.987867     top5-err=0.954804
Epoch[0] Batch [8649]     Speed: 298.664111 samples/sec   top1-err=0.987771     top5-err=0.954570
Epoch[0] Batch [8699]     Speed: 298.555330 samples/sec   top1-err=0.987680     top5-err=0.954228
Epoch[0] Batch [8749]     Speed: 297.712358 samples/sec   top1-err=0.987571     top5-err=0.953893
Epoch[0] Batch [8799]     Speed: 297.288757 samples/sec   top1-err=0.987504     top5-err=0.953601
Epoch[0] Batch [8849]     Speed: 297.645452 samples/sec   top1-err=0.987433     top5-err=0.953312
Epoch[0] Batch [8899]     Speed: 297.316258 samples/sec   top1-err=0.987360     top5-err=0.952981
Epoch[0] Batch [8949]     Speed: 298.389010 samples/sec   top1-err=0.987273     top5-err=0.952678
Epoch[0] Batch [8999]     Speed: 298.590758 samples/sec   top1-err=0.987146     top5-err=0.952385
Epoch[0] Batch [9049]     Speed: 299.459295 samples/sec   top1-err=0.987058     top5-err=0.952061
Epoch[0] Batch [9099]     Speed: 299.889578 samples/sec   top1-err=0.986978     top5-err=0.951765
Epoch[0] Batch [9149]     Speed: 300.328008 samples/sec   top1-err=0.986882     top5-err=0.951455
Epoch[0] Batch [9199]     Speed: 300.166394 samples/sec   top1-err=0.986766     top5-err=0.951131
Epoch[0] Batch [9249]     Speed: 300.996728 samples/sec   top1-err=0.986645     top5-err=0.950780
Epoch[0] Batch [9299]     Speed: 300.211767 samples/sec   top1-err=0.986536     top5-err=0.950464
Epoch[0] Batch [9349]     Speed: 299.868460 samples/sec   top1-err=0.986484     top5-err=0.950211
Epoch[0] Batch [9399]     Speed: 300.541849 samples/sec   top1-err=0.986380     top5-err=0.949950
Epoch[0] Batch [9449]     Speed: 299.168044 samples/sec   top1-err=0.986293     top5-err=0.949663
Epoch[0] Batch [9499]     Speed: 300.910648 samples/sec   top1-err=0.986184     top5-err=0.949368
Epoch[0] Batch [9549]     Speed: 300.255824 samples/sec   top1-err=0.986129     top5-err=0.949107
Epoch[0] Batch [9599]     Speed: 299.621888 samples/sec   top1-err=0.986025     top5-err=0.948802
Epoch[0] Batch [9649]     Speed: 299.929854 samples/sec   top1-err=0.985923     top5-err=0.948504
Epoch[0] Batch [9699]     Speed: 300.614090 samples/sec   top1-err=0.985838     top5-err=0.948241
Epoch[0] Batch [9749]     Speed: 300.767223 samples/sec   top1-err=0.985724     top5-err=0.947958
Epoch[0] Batch [9799]     Speed: 300.415705 samples/sec   top1-err=0.985615     top5-err=0.947688
Epoch[0] Batch [9849]     Speed: 298.516710 samples/sec   top1-err=0.985530     top5-err=0.947360
Epoch[0] Batch [9899]     Speed: 299.602158 samples/sec   top1-err=0.985426     top5-err=0.947049
Epoch[0] Batch [9949]     Speed: 300.494438 samples/sec   top1-err=0.985258     top5-err=0.946702
Epoch[0] Batch [9999]     Speed: 300.133208 samples/sec   top1-err=0.985125     top5-err=0.946378
Epoch[0] Batch [10049]     Speed: 299.236143 samples/sec   top1-err=0.985059     top5-err=0.946048
Epoch[0] Batch [10099]     Speed: 299.480102 samples/sec   top1-err=0.984904     top5-err=0.945749
Epoch[0] Batch [10149]     Speed: 300.628082 samples/sec   top1-err=0.984806     top5-err=0.945456
Epoch[0] Batch [10199]     Speed: 300.765834 samples/sec   top1-err=0.984672     top5-err=0.945132
Epoch[0] Batch [10249]     Speed: 299.739841 samples/sec   top1-err=0.984546     top5-err=0.944799
Epoch[0] Batch [10299]     Speed: 300.595387 samples/sec   top1-err=0.984427     top5-err=0.944448
Epoch[0] Batch [10349]     Speed: 299.316075 samples/sec   top1-err=0.984330     top5-err=0.944164
Epoch[0] Batch [10399]     Speed: 300.227400 samples/sec   top1-err=0.984258     top5-err=0.943918
Epoch[0] Batch [10449]     Speed: 299.079541 samples/sec   top1-err=0.984142     top5-err=0.943642
Epoch[0] Batch [10499]     Speed: 300.637940 samples/sec   top1-err=0.984033     top5-err=0.943310
Epoch[0] Batch [10549]     Speed: 299.330801 samples/sec   top1-err=0.983913     top5-err=0.942953
Epoch[0] Batch [10599]     Speed: 300.538471 samples/sec   top1-err=0.983821     top5-err=0.942653
Epoch[0] Batch [10649]     Speed: 300.628068 samples/sec   top1-err=0.983694     top5-err=0.942347
Epoch[0] Batch [10699]     Speed: 299.255892 samples/sec   top1-err=0.983598     top5-err=0.942077
Epoch[0] Batch [10749]     Speed: 300.128900 samples/sec   top1-err=0.983506     top5-err=0.941753
Epoch[0] Batch [10799]     Speed: 300.158473 samples/sec   top1-err=0.983388     top5-err=0.941409
Epoch[0] Batch [10849]     Speed: 299.365345 samples/sec   top1-err=0.983263     top5-err=0.941112
Epoch[0] Batch [10899]     Speed: 300.754215 samples/sec   top1-err=0.983128     top5-err=0.940737
Epoch[0] Batch [10949]     Speed: 299.650625 samples/sec   top1-err=0.983094     top5-err=0.940528
Epoch[0] Batch [10999]     Speed: 299.429379 samples/sec   top1-err=0.982997     top5-err=0.940213
Epoch[0] Batch [11049]     Speed: 300.264502 samples/sec   top1-err=0.982904     top5-err=0.939935
Epoch[0] Batch [11099]     Speed: 299.896869 samples/sec   top1-err=0.982753     top5-err=0.939544
Epoch[0] Batch [11149]     Speed: 300.685638 samples/sec   top1-err=0.982626     top5-err=0.939246
Epoch[0] Batch [11199]     Speed: 299.587031 samples/sec   top1-err=0.982503     top5-err=0.938937
Epoch[0] Batch [11249]     Speed: 299.684640 samples/sec   top1-err=0.982425     top5-err=0.938681
Epoch[0] Batch [11299]     Speed: 300.340790 samples/sec   top1-err=0.982315     top5-err=0.938374
Epoch[0] Batch [11349]     Speed: 299.516953 samples/sec   top1-err=0.982194     top5-err=0.938084
Epoch[0] Batch [11399]     Speed: 299.073623 samples/sec   top1-err=0.982070     top5-err=0.937766
Epoch[0] Batch [11449]     Speed: 301.232236 samples/sec   top1-err=0.981941     top5-err=0.937470
Epoch[0] Batch [11499]     Speed: 300.622385 samples/sec   top1-err=0.981834     top5-err=0.937198
Epoch[0] Batch [11549]     Speed: 299.377684 samples/sec   top1-err=0.981740     top5-err=0.936910
Epoch[0] Batch [11599]     Speed: 300.899503 samples/sec   top1-err=0.981684     top5-err=0.936573
Epoch[0] Batch [11649]     Speed: 300.269016 samples/sec   top1-err=0.981601     top5-err=0.936269
Epoch[0] Batch [11699]     Speed: 300.068658 samples/sec   top1-err=0.981530     top5-err=0.935980
Epoch[0] Batch [11749]     Speed: 300.580887 samples/sec   top1-err=0.981436     top5-err=0.935662
Epoch[0] Batch [11799]     Speed: 298.487712 samples/sec   top1-err=0.981335     top5-err=0.935397
Epoch[0] Batch [11849]     Speed: 299.842816 samples/sec   top1-err=0.981253     top5-err=0.935132
Epoch[0] Batch [11899]     Speed: 301.166766 samples/sec   top1-err=0.981150     top5-err=0.934848
Epoch[0] Batch [11949]     Speed: 300.147639 samples/sec   top1-err=0.981038     top5-err=0.934574
Epoch[0] Batch [11999]     Speed: 299.798049 samples/sec   top1-err=0.980951     top5-err=0.934268
Epoch[0] Batch [12049]     Speed: 300.157211 samples/sec   top1-err=0.980832     top5-err=0.933955
Epoch[0] Batch [12099]     Speed: 300.536694 samples/sec   top1-err=0.980708     top5-err=0.933660
Epoch[0] Batch [12149]     Speed: 299.712680 samples/sec   top1-err=0.980615     top5-err=0.933326
Epoch[0] Batch [12199]     Speed: 300.106996 samples/sec   top1-err=0.980535     top5-err=0.933025
Epoch[0] Batch [12249]     Speed: 300.622345 samples/sec   top1-err=0.980418     top5-err=0.932681
Epoch[0] Batch [12299]     Speed: 299.108694 samples/sec   top1-err=0.980297     top5-err=0.932370
Epoch[0] Batch [12349]     Speed: 299.966172 samples/sec   top1-err=0.980185     top5-err=0.932118
Epoch[0] Batch [12399]     Speed: 298.637370 samples/sec   top1-err=0.980063     top5-err=0.931820
Epoch[0] Batch [12449]     Speed: 299.370339 samples/sec   top1-err=0.979937     top5-err=0.931488
Epoch[0] Batch [12499]     Speed: 300.915519 samples/sec   top1-err=0.979847     top5-err=0.931207
Epoch[0] Batch [12549]     Speed: 299.926463 samples/sec   top1-err=0.979753     top5-err=0.930951
Epoch[0] Batch [12599]     Speed: 300.146592 samples/sec   top1-err=0.979655     top5-err=0.930712
Epoch[0] Batch [12649]     Speed: 300.028519 samples/sec   top1-err=0.979545     top5-err=0.930417
Epoch[0] Batch [12699]     Speed: 297.904596 samples/sec   top1-err=0.979454     top5-err=0.930153
Epoch[0] Batch [12749]     Speed: 298.973334 samples/sec   top1-err=0.979336     top5-err=0.929838
Epoch[0] Batch [12799]     Speed: 299.249193 samples/sec   top1-err=0.979236     top5-err=0.929595
Epoch[0] Batch [12849]     Speed: 298.841463 samples/sec   top1-err=0.979122     top5-err=0.929275
Epoch[0] Batch [12899]     Speed: 300.138605 samples/sec   top1-err=0.979046     top5-err=0.929055
Epoch[0] Batch [12949]     Speed: 298.631217 samples/sec   top1-err=0.978967     top5-err=0.928789
Epoch[0] Batch [12999]     Speed: 299.715545 samples/sec   top1-err=0.978885     top5-err=0.928579
Epoch[0] Batch [13049]     Speed: 299.517354 samples/sec   top1-err=0.978784     top5-err=0.928326
Epoch[0] Batch [13099]     Speed: 299.320734 samples/sec   top1-err=0.978669     top5-err=0.928046
Epoch[0] Batch [13149]     Speed: 298.654129 samples/sec   top1-err=0.978538     top5-err=0.927742
Epoch[0] Batch [13199]     Speed: 299.671057 samples/sec   top1-err=0.978447     top5-err=0.927462
Epoch[0] Batch [13249]     Speed: 298.488841 samples/sec   top1-err=0.978340     top5-err=0.927177
Epoch[0] Batch [13299]     Speed: 298.938747 samples/sec   top1-err=0.978219     top5-err=0.926828
Epoch[0] Batch [13349]     Speed: 300.568380 samples/sec   top1-err=0.978120     top5-err=0.926554
Epoch[0] Batch [13399]     Speed: 299.709601 samples/sec   top1-err=0.978029     top5-err=0.926224
Epoch[0] Batch [13449]     Speed: 300.463293 samples/sec   top1-err=0.977902     top5-err=0.925969
Epoch[0] Batch [13499]     Speed: 299.739855 samples/sec   top1-err=0.977803     top5-err=0.925692
Epoch[0] Batch [13549]     Speed: 300.651746 samples/sec   top1-err=0.977701     top5-err=0.925387
Epoch[0] Batch [13599]     Speed: 300.258860 samples/sec   top1-err=0.977606     top5-err=0.925156
Epoch[0] Batch [13649]     Speed: 300.374102 samples/sec   top1-err=0.977484     top5-err=0.924888
Epoch[0] Batch [13699]     Speed: 300.681732 samples/sec   top1-err=0.977404     top5-err=0.924621
Epoch[0] Batch [13749]     Speed: 300.201372 samples/sec   top1-err=0.977325     top5-err=0.924384
Epoch[0] Batch [13799]     Speed: 299.236237 samples/sec   top1-err=0.977228     top5-err=0.924085
Epoch[0] Batch [13849]     Speed: 299.301191 samples/sec   top1-err=0.977114     top5-err=0.923791
Epoch[0] Batch [13899]     Speed: 298.772426 samples/sec   top1-err=0.976976     top5-err=0.923498
Epoch[0] Batch [13949]     Speed: 298.433011 samples/sec   top1-err=0.976882     top5-err=0.923179
Epoch[0] Batch [13999]     Speed: 297.845706 samples/sec   top1-err=0.976734     top5-err=0.922826
Epoch[0] Batch [14049]     Speed: 297.855594 samples/sec   top1-err=0.976641     top5-err=0.922562
Epoch[0] Batch [14099]     Speed: 297.460695 samples/sec   top1-err=0.976525     top5-err=0.922252
Epoch[0] Batch [14149]     Speed: 297.592168 samples/sec   top1-err=0.976462     top5-err=0.922049
Epoch[0] Batch [14199]     Speed: 298.091057 samples/sec   top1-err=0.976358     top5-err=0.921802
Epoch[0] Batch [14249]     Speed: 298.254446 samples/sec   top1-err=0.976283     top5-err=0.921555
Epoch[0] Batch [14299]     Speed: 296.587847 samples/sec   top1-err=0.976182     top5-err=0.921215
Epoch[0] Batch [14349]     Speed: 297.664661 samples/sec   top1-err=0.976093     top5-err=0.920943
Epoch[0] Batch [14399]     Speed: 297.286742 samples/sec   top1-err=0.975972     top5-err=0.920675
Epoch[0] Batch [14449]     Speed: 299.137679 samples/sec   top1-err=0.975859     top5-err=0.920437
Epoch[0] Batch [14499]     Speed: 300.488949 samples/sec   top1-err=0.975759     top5-err=0.920136
Epoch[0] Batch [14549]     Speed: 300.253123 samples/sec   top1-err=0.975644     top5-err=0.919832
Epoch[0] Batch [14599]     Speed: 300.667155 samples/sec   top1-err=0.975507     top5-err=0.919497
Epoch[0] Batch [14649]     Speed: 300.395682 samples/sec   top1-err=0.975388     top5-err=0.919232
Epoch[0] Batch [14699]     Speed: 299.925860 samples/sec   top1-err=0.975295     top5-err=0.918969
Epoch[0] Batch [14749]     Speed: 300.614427 samples/sec   top1-err=0.975189     top5-err=0.918701
Epoch[0] Batch [14799]     Speed: 299.662667 samples/sec   top1-err=0.975055     top5-err=0.918368
Epoch[0] Batch [14849]     Speed: 301.094002 samples/sec   top1-err=0.974960     top5-err=0.918074
Epoch[0] Batch [14899]     Speed: 299.795920 samples/sec   top1-err=0.974885     top5-err=0.917850
Epoch[0] Batch [14949]     Speed: 299.273922 samples/sec   top1-err=0.974795     top5-err=0.917605
Epoch[0] Batch [14999]     Speed: 300.461127 samples/sec   top1-err=0.974679     top5-err=0.917325
Epoch[0] Batch [15049]     Speed: 300.113961 samples/sec   top1-err=0.974549     top5-err=0.917039
Epoch[0] Batch [15099]     Speed: 300.690327 samples/sec   top1-err=0.974452     top5-err=0.916782
Epoch[0] Batch [15149]     Speed: 300.085175 samples/sec   top1-err=0.974344     top5-err=0.916524
Epoch[0] Batch [15199]     Speed: 299.968934 samples/sec   top1-err=0.974241     top5-err=0.916229
Epoch[0] Batch [15249]     Speed: 299.144786 samples/sec   top1-err=0.974154     top5-err=0.915975
Epoch[0] Batch [15299]     Speed: 301.074767 samples/sec   top1-err=0.974022     top5-err=0.915692
Epoch[0] Batch [15349]     Speed: 300.518256 samples/sec   top1-err=0.973925     top5-err=0.915401
Epoch[0] Batch [15399]     Speed: 300.997471 samples/sec   top1-err=0.973807     top5-err=0.915110
Epoch[0] Batch [15449]     Speed: 301.258186 samples/sec   top1-err=0.973687     top5-err=0.914834
Epoch[0] Batch [15499]     Speed: 299.823418 samples/sec   top1-err=0.973589     top5-err=0.914581
Epoch[0] Batch [15549]     Speed: 301.407116 samples/sec   top1-err=0.973473     top5-err=0.914305
Epoch[0] Batch [15599]     Speed: 299.812126 samples/sec   top1-err=0.973391     top5-err=0.914058
Epoch[0] Batch [15649]     Speed: 300.261909 samples/sec   top1-err=0.973275     top5-err=0.913798
Epoch[0] Batch [15699]     Speed: 300.978234 samples/sec   top1-err=0.973181     top5-err=0.913487
Epoch[0] Batch [15749]     Speed: 300.314165 samples/sec   top1-err=0.973062     top5-err=0.913228
Epoch[0] Batch [15799]     Speed: 300.474068 samples/sec   top1-err=0.972945     top5-err=0.912961
Epoch[0] Batch [15849]     Speed: 299.687812 samples/sec   top1-err=0.972851     top5-err=0.912699
Epoch[0] Batch [15899]     Speed: 300.549440 samples/sec   top1-err=0.972759     top5-err=0.912451
Epoch[0] Batch [15949]     Speed: 300.239663 samples/sec   top1-err=0.972641     top5-err=0.912165
Epoch[0] Batch [15999]     Speed: 298.290757 samples/sec   top1-err=0.972545     top5-err=0.911895
Epoch[0] Batch [16049]     Speed: 299.848349 samples/sec   top1-err=0.972465     top5-err=0.911711
Epoch[0] Batch [16099]     Speed: 299.978548 samples/sec   top1-err=0.972360     top5-err=0.911460
Epoch[0] Batch [16149]     Speed: 299.860943 samples/sec   top1-err=0.972245     top5-err=0.911138
Epoch[0] Batch [16199]     Speed: 299.640738 samples/sec   top1-err=0.972157     top5-err=0.910862
Epoch[0] Batch [16249]     Speed: 299.104361 samples/sec   top1-err=0.972056     top5-err=0.910635
Epoch[0] Batch [16299]     Speed: 299.386446 samples/sec   top1-err=0.971944     top5-err=0.910362
Epoch[0] Batch [16349]     Speed: 297.366953 samples/sec   top1-err=0.971864     top5-err=0.910107
Epoch[0] Batch [16399]     Speed: 300.127772 samples/sec   top1-err=0.971744     top5-err=0.909819
Epoch[0] Batch [16449]     Speed: 300.365995 samples/sec   top1-err=0.971638     top5-err=0.909550
Epoch[0] Batch [16499]     Speed: 301.209184 samples/sec   top1-err=0.971542     top5-err=0.909259
Epoch[0] Batch [16549]     Speed: 300.263535 samples/sec   top1-err=0.971394     top5-err=0.908912
Epoch[0] Batch [16599]     Speed: 298.892427 samples/sec   top1-err=0.971314     top5-err=0.908665
Epoch[0] Batch [16649]     Speed: 299.494470 samples/sec   top1-err=0.971224     top5-err=0.908401
Epoch[0] Batch [16699]     Speed: 299.971428 samples/sec   top1-err=0.971125     top5-err=0.908108
Epoch[0] Batch [16749]     Speed: 301.232493 samples/sec   top1-err=0.971030     top5-err=0.907797
Epoch[0] Batch [16799]     Speed: 299.039959 samples/sec   top1-err=0.970958     top5-err=0.907543
Epoch[0] Batch [16849]     Speed: 299.465148 samples/sec   top1-err=0.970840     top5-err=0.907285
Epoch[0] Batch [16899]     Speed: 298.501533 samples/sec   top1-err=0.970729     top5-err=0.906980
Epoch[0] Batch [16949]     Speed: 299.327129 samples/sec   top1-err=0.970616     top5-err=0.906720
Epoch[0] Batch [16999]     Speed: 299.459001 samples/sec   top1-err=0.970506     top5-err=0.906480
Epoch[0] Batch [17049]     Speed: 299.530041 samples/sec   top1-err=0.970381     top5-err=0.906146
Epoch[0] Batch [17099]     Speed: 299.540188 samples/sec   top1-err=0.970280     top5-err=0.905864
Epoch[0] Batch [17149]     Speed: 299.050833 samples/sec   top1-err=0.970188     top5-err=0.905594
Epoch[0] Batch [17199]     Speed: 299.586884 samples/sec   top1-err=0.970074     top5-err=0.905294
Epoch[0] Batch [17249]     Speed: 300.921119 samples/sec   top1-err=0.969978     top5-err=0.905054
Epoch[0] Batch [17299]     Speed: 299.860487 samples/sec   top1-err=0.969888     top5-err=0.904789
Epoch[0] Batch [17349]     Speed: 300.388757 samples/sec   top1-err=0.969769     top5-err=0.904478
Epoch[0] Batch [17399]     Speed: 300.774151 samples/sec   top1-err=0.969686     top5-err=0.904233
Epoch[0] Batch [17449]     Speed: 299.380689 samples/sec   top1-err=0.969593     top5-err=0.903952
Epoch[0] Batch [17499]     Speed: 300.593569 samples/sec   top1-err=0.969500     top5-err=0.903698
Epoch[0] Batch [17549]     Speed: 300.181525 samples/sec   top1-err=0.969387     top5-err=0.903351
Epoch[0] Batch [17599]     Speed: 299.714514 samples/sec   top1-err=0.969263     top5-err=0.903061
Epoch[0] Batch [17649]     Speed: 300.671480 samples/sec   top1-err=0.969155     top5-err=0.902794
Epoch[0] Batch [17699]     Speed: 300.341637 samples/sec   top1-err=0.969078     top5-err=0.902553
Epoch[0] Batch [17749]     Speed: 300.267229 samples/sec   top1-err=0.968975     top5-err=0.902280
Epoch[0] Batch [17799]     Speed: 300.179713 samples/sec   top1-err=0.968857     top5-err=0.902024
Epoch[0] Batch [17849]     Speed: 300.177779 samples/sec   top1-err=0.968764     top5-err=0.901786
Epoch[0] Batch [17899]     Speed: 300.569941 samples/sec   top1-err=0.968675     top5-err=0.901508
Epoch[0] Batch [17949]     Speed: 299.511432 samples/sec   top1-err=0.968625     top5-err=0.901276
Epoch[0] Batch [17999]     Speed: 300.416512 samples/sec   top1-err=0.968500     top5-err=0.901005
Epoch[0] Batch [18049]     Speed: 299.284012 samples/sec   top1-err=0.968416     top5-err=0.900687
Epoch[0] Batch [18099]     Speed: 300.268721 samples/sec   top1-err=0.968325     top5-err=0.900459
Epoch[0] Batch [18149]     Speed: 299.946598 samples/sec   top1-err=0.968216     top5-err=0.900153
Epoch[0] Batch [18199]     Speed: 299.948609 samples/sec   top1-err=0.968137     top5-err=0.899930
Epoch[0] Batch [18249]     Speed: 299.039866 samples/sec   top1-err=0.968012     top5-err=0.899651
Epoch[0] Batch [18299]     Speed: 300.516426 samples/sec   top1-err=0.967951     top5-err=0.899435
Epoch[0] Batch [18349]     Speed: 299.904575 samples/sec   top1-err=0.967841     top5-err=0.899206
Epoch[0] Batch [18399]     Speed: 300.188749 samples/sec   top1-err=0.967716     top5-err=0.898950
Epoch[0] Batch [18449]     Speed: 298.469910 samples/sec   top1-err=0.967590     top5-err=0.898670
Epoch[0] Batch [18499]     Speed: 299.546726 samples/sec   top1-err=0.967471     top5-err=0.898426
Epoch[0] Batch [18549]     Speed: 300.137544 samples/sec   top1-err=0.967402     top5-err=0.898199
Epoch[0] Batch [18599]     Speed: 299.914976 samples/sec   top1-err=0.967293     top5-err=0.897952
Epoch[0] Batch [18649]     Speed: 301.697971 samples/sec   top1-err=0.967177     top5-err=0.897661
Epoch[0] Batch [18699]     Speed: 298.900388 samples/sec   top1-err=0.967076     top5-err=0.897435
Epoch[0] Batch [18749]     Speed: 299.712078 samples/sec   top1-err=0.966950     top5-err=0.897212
Epoch[0] Batch [18799]     Speed: 300.228783 samples/sec   top1-err=0.966830     top5-err=0.896950
Epoch[0] Batch [18849]     Speed: 300.408484 samples/sec   top1-err=0.966706     top5-err=0.896709
Epoch[0] Batch [18899]     Speed: 300.518929 samples/sec   top1-err=0.966586     top5-err=0.896458
Epoch[0] Batch [18949]     Speed: 300.383688 samples/sec   top1-err=0.966473     top5-err=0.896209
Epoch[0] Batch [18999]     Speed: 300.349151 samples/sec   top1-err=0.966326     top5-err=0.895882
Epoch[0] Batch [19049]     Speed: 300.060004 samples/sec   top1-err=0.966237     top5-err=0.895636
Epoch[0] Batch [19099]     Speed: 299.530536 samples/sec   top1-err=0.966127     top5-err=0.895399
Epoch[0] Batch [19149]     Speed: 298.989438 samples/sec   top1-err=0.966022     top5-err=0.895140
Epoch[0] Batch [19199]     Speed: 300.358561 samples/sec   top1-err=0.965936     top5-err=0.894906
Epoch[0] Batch [19249]     Speed: 300.259693 samples/sec   top1-err=0.965821     top5-err=0.894643
Epoch[0] Batch [19299]     Speed: 297.516135 samples/sec   top1-err=0.965721     top5-err=0.894388
Epoch[0] Batch [19349]     Speed: 296.531783 samples/sec   top1-err=0.965631     top5-err=0.894167
Epoch[0] Batch [19399]     Speed: 298.742048 samples/sec   top1-err=0.965511     top5-err=0.893885
Epoch[0] Batch [19449]     Speed: 296.664823 samples/sec   top1-err=0.965431     top5-err=0.893674
Epoch[0] Batch [19499]     Speed: 298.009819 samples/sec   top1-err=0.965333     top5-err=0.893385
Epoch[0] Batch [19549]     Speed: 297.217578 samples/sec   top1-err=0.965235     top5-err=0.893104
Epoch[0] Batch [19599]     Speed: 298.618327 samples/sec   top1-err=0.965134     top5-err=0.892871
Epoch[0] Batch [19649]     Speed: 297.778634 samples/sec   top1-err=0.965032     top5-err=0.892621
Epoch[0] Batch [19699]     Speed: 297.393269 samples/sec   top1-err=0.964922     top5-err=0.892381
Epoch[0] Batch [19749]     Speed: 298.668005 samples/sec   top1-err=0.964823     top5-err=0.892108
Epoch[0] Batch [19799]     Speed: 297.962966 samples/sec   top1-err=0.964710     top5-err=0.891861
Epoch[0] Batch [19849]     Speed: 300.458786 samples/sec   top1-err=0.964617     top5-err=0.891611
Epoch[0] Batch [19899]     Speed: 300.138457 samples/sec   top1-err=0.964513     top5-err=0.891330
Epoch[0] Batch [19949]     Speed: 300.319742 samples/sec   top1-err=0.964391     top5-err=0.891086
Epoch[0] Batch [19999]     Speed: 299.890463 samples/sec   top1-err=0.964311     top5-err=0.890856
Epoch[0] Batch [20049]     Speed: 299.957806 samples/sec   top1-err=0.964179     top5-err=0.890575
Epoch[0] Batch [20099]     Speed: 300.428885 samples/sec   top1-err=0.964083     top5-err=0.890286
Epoch[0] Batch [20149]     Speed: 300.409317 samples/sec   top1-err=0.963967     top5-err=0.890011
Epoch[0] Batch [20199]     Speed: 300.465660 samples/sec   top1-err=0.963868     top5-err=0.889785
Epoch[0] Batch [20249]     Speed: 299.962043 samples/sec   top1-err=0.963731     top5-err=0.889492
Epoch[0] Batch [20299]     Speed: 299.686313 samples/sec   top1-err=0.963645     top5-err=0.889283
Epoch[0] Batch [20349]     Speed: 300.256213 samples/sec   top1-err=0.963543     top5-err=0.889068
Epoch[0] Batch [20399]     Speed: 300.703854 samples/sec   top1-err=0.963457     top5-err=0.888839
Epoch[0] Batch [20449]     Speed: 300.157237 samples/sec   top1-err=0.963366     top5-err=0.888608
Epoch[0] Batch [20499]     Speed: 299.693554 samples/sec   top1-err=0.963279     top5-err=0.888395
Epoch[0] Batch [20549]     Speed: 299.593664 samples/sec   top1-err=0.963195     top5-err=0.888143
Epoch[0] Batch [20599]     Speed: 300.052746 samples/sec   top1-err=0.963087     top5-err=0.887904
Epoch[0] Batch [20649]     Speed: 301.044000 samples/sec   top1-err=0.962998     top5-err=0.887685
Epoch[0] Batch [20699]     Speed: 299.497036 samples/sec   top1-err=0.962886     top5-err=0.887423
Epoch[0] Batch [20749]     Speed: 299.947818 samples/sec   top1-err=0.962807     top5-err=0.887179
Epoch[0] Batch [20799]     Speed: 300.419713 samples/sec   top1-err=0.962691     top5-err=0.886898
Epoch[0] Batch [20849]     Speed: 299.874248 samples/sec   top1-err=0.962587     top5-err=0.886635
Epoch[0] Batch [20899]     Speed: 299.342644 samples/sec   top1-err=0.962463     top5-err=0.886350
Epoch[0] Batch [20949]     Speed: 300.594350 samples/sec   top1-err=0.962349     top5-err=0.886098
Epoch[0] Batch [20999]     Speed: 299.472004 samples/sec   top1-err=0.962257     top5-err=0.885801
Epoch[0] Batch [21049]     Speed: 300.068135 samples/sec   top1-err=0.962173     top5-err=0.885552
Epoch[0] Batch [21099]     Speed: 300.416593 samples/sec   top1-err=0.962085     top5-err=0.885339
Epoch[0] Batch [21149]     Speed: 300.210276 samples/sec   top1-err=0.961993     top5-err=0.885074
Epoch[0] Batch [21199]     Speed: 299.963182 samples/sec   top1-err=0.961907     top5-err=0.884889
Epoch[0] Batch [21249]     Speed: 299.090297 samples/sec   top1-err=0.961815     top5-err=0.884665
Epoch[0] Batch [21299]     Speed: 300.427675 samples/sec   top1-err=0.961689     top5-err=0.884412
Epoch[0] Batch [21349]     Speed: 300.470382 samples/sec   top1-err=0.961587     top5-err=0.884173
Epoch[0] Batch [21399]     Speed: 300.368160 samples/sec   top1-err=0.961475     top5-err=0.883915
Epoch[0] Batch [21449]     Speed: 300.025018 samples/sec   top1-err=0.961371     top5-err=0.883647
Epoch[0] Batch [21499]     Speed: 298.965675 samples/sec   top1-err=0.961253     top5-err=0.883411
Epoch[0] Batch [21549]     Speed: 299.347157 samples/sec   top1-err=0.961185     top5-err=0.883192
Epoch[0] Batch [21599]     Speed: 299.730497 samples/sec   top1-err=0.961078     top5-err=0.882976
Epoch[0] Batch [21649]     Speed: 298.745572 samples/sec   top1-err=0.960958     top5-err=0.882748
Epoch[0] Batch [21699]     Speed: 300.085940 samples/sec   top1-err=0.960844     top5-err=0.882516
Epoch[0] Batch [21749]     Speed: 300.951995 samples/sec   top1-err=0.960754     top5-err=0.882312
Epoch[0] Batch [21799]     Speed: 301.028201 samples/sec   top1-err=0.960651     top5-err=0.882080
Epoch[0] Batch [21849]     Speed: 300.738540 samples/sec   top1-err=0.960523     top5-err=0.881814
Epoch[0] Batch [21899]     Speed: 299.997845 samples/sec   top1-err=0.960412     top5-err=0.881574
Epoch[0] Batch [21949]     Speed: 300.167656 samples/sec   top1-err=0.960317     top5-err=0.881343
Epoch[0] Batch [21999]     Speed: 299.092670 samples/sec   top1-err=0.960237     top5-err=0.881095
Epoch[0] Batch [22049]     Speed: 299.762428 samples/sec   top1-err=0.960170     top5-err=0.880887
Epoch[0] Batch [22099]     Speed: 300.153760 samples/sec   top1-err=0.960069     top5-err=0.880682
Epoch[0] Batch [22149]     Speed: 299.525081 samples/sec   top1-err=0.959980     top5-err=0.880440
Epoch[0] Batch [22199]     Speed: 299.633727 samples/sec   top1-err=0.959887     top5-err=0.880217
Epoch[0] Batch [22249]     Speed: 298.405847 samples/sec   top1-err=0.959794     top5-err=0.880020
Epoch[0] Batch [22299]     Speed: 299.147760 samples/sec   top1-err=0.959716     top5-err=0.879787
Epoch[0] Batch [22349]     Speed: 300.288203 samples/sec   top1-err=0.959600     top5-err=0.879529
Epoch[0] Batch [22399]     Speed: 300.460979 samples/sec   top1-err=0.959508     top5-err=0.879290
Epoch[0] Batch [22449]     Speed: 298.503127 samples/sec   top1-err=0.959427     top5-err=0.879046
Epoch[0] Batch [22499]     Speed: 299.993527 samples/sec   top1-err=0.959322     top5-err=0.878790
Epoch[0] Batch [22549]     Speed: 298.487553 samples/sec   top1-err=0.959238     top5-err=0.878575
Epoch[0] Batch [22599]     Speed: 298.674107 samples/sec   top1-err=0.959154     top5-err=0.878341
Epoch[0] Batch [22649]     Speed: 298.301338 samples/sec   top1-err=0.959049     top5-err=0.878106
Epoch[0] Batch [22699]     Speed: 300.984754 samples/sec   top1-err=0.958962     top5-err=0.877852
Epoch[0] Batch [22749]     Speed: 299.799603 samples/sec   top1-err=0.958876     top5-err=0.877628
Epoch[0] Batch [22799]     Speed: 300.658198 samples/sec   top1-err=0.958734     top5-err=0.877329
Epoch[0] Batch [22849]     Speed: 300.570709 samples/sec   top1-err=0.958643     top5-err=0.877106
Epoch[0] Batch [22899]     Speed: 299.155001 samples/sec   top1-err=0.958544     top5-err=0.876872
Epoch[0] Batch [22949]     Speed: 301.451727 samples/sec   top1-err=0.958467     top5-err=0.876661
Epoch[0] Batch [22999]     Speed: 301.045553 samples/sec   top1-err=0.958374     top5-err=0.876454
Epoch[0] Batch [23049]     Speed: 299.484526 samples/sec   top1-err=0.958265     top5-err=0.876207
Epoch[0] Batch [23099]     Speed: 300.869906 samples/sec   top1-err=0.958189     top5-err=0.875958
Epoch[0] Batch [23149]     Speed: 300.628163 samples/sec   top1-err=0.958091     top5-err=0.875734
Epoch[0] Batch [23199]     Speed: 301.689087 samples/sec   top1-err=0.957974     top5-err=0.875478
Epoch[0] Batch [23249]     Speed: 300.579621 samples/sec   top1-err=0.957906     top5-err=0.875235
Epoch[0] Batch [23299]     Speed: 300.669836 samples/sec   top1-err=0.957796     top5-err=0.874989
Epoch[0] Batch [23349]     Speed: 299.843954 samples/sec   top1-err=0.957701     top5-err=0.874779
Epoch[0] Batch [23399]     Speed: 300.525402 samples/sec   top1-err=0.957606     top5-err=0.874543
Epoch[0] Batch [23449]     Speed: 300.712909 samples/sec   top1-err=0.957499     top5-err=0.874310
Epoch[0] Batch [23499]     Speed: 299.725075 samples/sec   top1-err=0.957394     top5-err=0.874043
Epoch[0] Batch [23549]     Speed: 298.561174 samples/sec   top1-err=0.957300     top5-err=0.873796
Epoch[0] Batch [23599]     Speed: 298.827996 samples/sec   top1-err=0.957207     top5-err=0.873567
Epoch[0] Batch [23649]     Speed: 299.469010 samples/sec   top1-err=0.957133     top5-err=0.873376
Epoch[0] Batch [23699]     Speed: 300.122538 samples/sec   top1-err=0.957029     top5-err=0.873136
Epoch[0] Batch [23749]     Speed: 300.174584 samples/sec   top1-err=0.956911     top5-err=0.872846
Epoch[0] Batch [23799]     Speed: 300.470006 samples/sec   top1-err=0.956819     top5-err=0.872639
Epoch[0] Batch [23849]     Speed: 298.864101 samples/sec   top1-err=0.956701     top5-err=0.872385
Epoch[0] Batch [23899]     Speed: 299.410770 samples/sec   top1-err=0.956612     top5-err=0.872164
Epoch[0] Batch [23949]     Speed: 298.597520 samples/sec   top1-err=0.956515     top5-err=0.871943
Epoch[0] Batch [23999]     Speed: 299.438050 samples/sec   top1-err=0.956411     top5-err=0.871699
Epoch[0] Batch [24049]     Speed: 300.106472 samples/sec   top1-err=0.956282     top5-err=0.871459
Epoch[0] Batch [24099]     Speed: 300.455921 samples/sec   top1-err=0.956199     top5-err=0.871242
Epoch[0] Batch [24149]     Speed: 300.663370 samples/sec   top1-err=0.956087     top5-err=0.870989
Epoch[0] Batch [24199]     Speed: 300.488505 samples/sec   top1-err=0.955981     top5-err=0.870763
Epoch[0] Batch [24249]     Speed: 299.888680 samples/sec   top1-err=0.955881     top5-err=0.870550
Epoch[0] Batch [24299]     Speed: 300.197209 samples/sec   top1-err=0.955788     top5-err=0.870338
Epoch[0] Batch [24349]     Speed: 299.748477 samples/sec   top1-err=0.955676     top5-err=0.870103
Epoch[0] Batch [24399]     Speed: 301.197571 samples/sec   top1-err=0.955579     top5-err=0.869873
Epoch[0] Batch [24449]     Speed: 300.292610 samples/sec   top1-err=0.955486     top5-err=0.869645
Epoch[0] Batch [24499]     Speed: 300.305054 samples/sec   top1-err=0.955394     top5-err=0.869436
Epoch[0] Batch [24549]     Speed: 300.659235 samples/sec   top1-err=0.955294     top5-err=0.869194
Epoch[0] Batch [24599]     Speed: 299.961024 samples/sec   top1-err=0.955169     top5-err=0.868972
Epoch[0] Batch [24649]     Speed: 298.636333 samples/sec   top1-err=0.955105     top5-err=0.868765
Epoch[0] Batch [24699]     Speed: 297.930438 samples/sec   top1-err=0.954992     top5-err=0.868544
Epoch[0] Batch [24749]     Speed: 297.402310 samples/sec   top1-err=0.954890     top5-err=0.868312
Epoch[0] Batch [24799]     Speed: 297.345160 samples/sec   top1-err=0.954802     top5-err=0.868087
Epoch[0] Batch [24849]     Speed: 297.265343 samples/sec   top1-err=0.954688     top5-err=0.867852
Epoch[0] Batch [24899]     Speed: 297.872041 samples/sec   top1-err=0.954605     top5-err=0.867644
Epoch[0] Batch [24949]     Speed: 296.873451 samples/sec   top1-err=0.954485     top5-err=0.867400
Epoch[0] Batch [24999]     Speed: 297.341735 samples/sec   top1-err=0.954390     top5-err=0.867190
Epoch[0] Batch [25049]     Speed: 297.101035 samples/sec   top1-err=0.954276     top5-err=0.866965
Epoch[0] Batch [25099]     Speed: 297.485353 samples/sec   top1-err=0.954172     top5-err=0.866727
Epoch[0] Batch [25149]     Speed: 297.048656 samples/sec   top1-err=0.954058     top5-err=0.866471
Epoch[0] Batch [25199]     Speed: 297.548335 samples/sec   top1-err=0.953958     top5-err=0.866250
Epoch[0] Batch [25249]     Speed: 299.096163 samples/sec   top1-err=0.953849     top5-err=0.865996
Epoch[0] Batch [25299]     Speed: 299.377564 samples/sec   top1-err=0.953769     top5-err=0.865766
Epoch[0] Batch [25349]     Speed: 299.728074 samples/sec   top1-err=0.953681     top5-err=0.865570
Epoch[0] Batch [25399]     Speed: 300.000648 samples/sec   top1-err=0.953572     top5-err=0.865358
Epoch[0] Batch [25449]     Speed: 300.212411 samples/sec   top1-err=0.953490     top5-err=0.865107
Epoch[0] Batch [25499]     Speed: 301.331232 samples/sec   top1-err=0.953404     top5-err=0.864893
Epoch[0] Batch [25549]     Speed: 299.970168 samples/sec   top1-err=0.953294     top5-err=0.864649
Epoch[0] Batch [25599]     Speed: 300.138014 samples/sec   top1-err=0.953213     top5-err=0.864402
Epoch[0] Batch [25649]     Speed: 300.245601 samples/sec   top1-err=0.953114     top5-err=0.864169
Epoch[0] Batch [25699]     Speed: 299.525014 samples/sec   top1-err=0.953018     top5-err=0.863954
Epoch[0] Batch [25749]     Speed: 299.004291 samples/sec   top1-err=0.952948     top5-err=0.863752
Epoch[0] Batch [25799]     Speed: 299.311656 samples/sec   top1-err=0.952856     top5-err=0.863530
Epoch[0] Batch [25849]     Speed: 299.504000 samples/sec   top1-err=0.952753     top5-err=0.863283
Epoch[0] Batch [25899]     Speed: 299.798947 samples/sec   top1-err=0.952673     top5-err=0.863092
Epoch[0] Batch [25949]     Speed: 298.565650 samples/sec   top1-err=0.952567     top5-err=0.862860
Epoch[0] Batch [25999]     Speed: 298.948628 samples/sec   top1-err=0.952470     top5-err=0.862655
Epoch[0] Batch [26049]     Speed: 299.156481 samples/sec   top1-err=0.952364     top5-err=0.862428
Epoch[0] Batch [26099]     Speed: 299.073049 samples/sec   top1-err=0.952280     top5-err=0.862220
Epoch[0] Batch [26149]     Speed: 298.603565 samples/sec   top1-err=0.952211     top5-err=0.862039
Epoch[0] Batch [26199]     Speed: 297.387787 samples/sec   top1-err=0.952146     top5-err=0.861837
Epoch[0] Batch [26249]     Speed: 299.201216 samples/sec   top1-err=0.952024     top5-err=0.861588
Epoch[0] Batch [26299]     Speed: 300.656204 samples/sec   top1-err=0.951918     top5-err=0.861362
Epoch[0] Batch [26349]     Speed: 300.421663 samples/sec   top1-err=0.951815     top5-err=0.861134
Epoch[0] Batch [26399]     Speed: 300.765214 samples/sec   top1-err=0.951728     top5-err=0.860922
Epoch[0] Batch [26449]     Speed: 300.706239 samples/sec   top1-err=0.951649     top5-err=0.860709
Epoch[0] Batch [26499]     Speed: 300.142081 samples/sec   top1-err=0.951551     top5-err=0.860471
Epoch[0] Batch [26549]     Speed: 300.041772 samples/sec   top1-err=0.951435     top5-err=0.860234
Epoch[0] Batch [26599]     Speed: 301.278595 samples/sec   top1-err=0.951349     top5-err=0.860055
Epoch[0] Batch [26649]     Speed: 301.775763 samples/sec   top1-err=0.951248     top5-err=0.859873
Epoch[0] Batch [26699]     Speed: 298.325035 samples/sec   top1-err=0.951179     top5-err=0.859687
Epoch[0] Batch [26749]     Speed: 295.728043 samples/sec   top1-err=0.951090     top5-err=0.859485
Epoch[0] Batch [26799]     Speed: 295.996038 samples/sec   top1-err=0.950995     top5-err=0.859265
Epoch[0] Batch [26849]     Speed: 295.323516 samples/sec   top1-err=0.950901     top5-err=0.859041
Epoch[0] Batch [26899]     Speed: 296.563862 samples/sec   top1-err=0.950804     top5-err=0.858817
Epoch[0] Batch [26949]     Speed: 294.683298 samples/sec   top1-err=0.950702     top5-err=0.858625
Epoch[0] Batch [26999]     Speed: 297.508472 samples/sec   top1-err=0.950596     top5-err=0.858396
Epoch[0] Batch [27049]     Speed: 296.195712 samples/sec   top1-err=0.950488     top5-err=0.858163
Epoch[0] Batch [27099]     Speed: 297.962252 samples/sec   top1-err=0.950390     top5-err=0.857959
Epoch[0] Batch [27149]     Speed: 296.641428 samples/sec   top1-err=0.950279     top5-err=0.857730
Epoch[0] Batch [27199]     Speed: 299.207779 samples/sec   top1-err=0.950183     top5-err=0.857532
Epoch[0] Batch [27249]     Speed: 299.461714 samples/sec   top1-err=0.950068     top5-err=0.857308
Epoch[0] Batch [27299]     Speed: 299.366386 samples/sec   top1-err=0.949977     top5-err=0.857092
Epoch[0] Batch [27349]     Speed: 297.520857 samples/sec   top1-err=0.949878     top5-err=0.856897
Epoch[0] Batch [27399]     Speed: 297.715356 samples/sec   top1-err=0.949749     top5-err=0.856639
Epoch[0] Batch [27449]     Speed: 297.539602 samples/sec   top1-err=0.949676     top5-err=0.856416
Epoch[0] Batch [27499]     Speed: 296.706126 samples/sec   top1-err=0.949581     top5-err=0.856206
Epoch[0] Batch [27549]     Speed: 298.837152 samples/sec   top1-err=0.949458     top5-err=0.855981
Epoch[0] Batch [27599]     Speed: 298.343218 samples/sec   top1-err=0.949370     top5-err=0.855776
Epoch[0] Batch [27649]     Speed: 298.133076 samples/sec   top1-err=0.949268     top5-err=0.855570
Epoch[0] Batch [27699]     Speed: 298.738484 samples/sec   top1-err=0.949156     top5-err=0.855360
Epoch[0] Batch [27749]     Speed: 298.661346 samples/sec   top1-err=0.949065     top5-err=0.855168
Epoch[0] Batch [27799]     Speed: 299.927978 samples/sec   top1-err=0.948957     top5-err=0.854947
Epoch[0] Batch [27849]     Speed: 299.232221 samples/sec   top1-err=0.948850     top5-err=0.854757
Epoch[0] Batch [27899]     Speed: 298.970177 samples/sec   top1-err=0.948788     top5-err=0.854564
Epoch[0] Batch [27949]     Speed: 299.508799 samples/sec   top1-err=0.948689     top5-err=0.854325
Epoch[0] Batch [27999]     Speed: 299.263499 samples/sec   top1-err=0.948584     top5-err=0.854087
Epoch[0] Batch [28049]     Speed: 299.102361 samples/sec   top1-err=0.948468     top5-err=0.853887
Epoch[0] Batch [28099]     Speed: 298.807160 samples/sec   top1-err=0.948384     top5-err=0.853664
Epoch[0] Batch [28149]     Speed: 299.005157 samples/sec   top1-err=0.948308     top5-err=0.853469
Epoch[0] Batch [28199]     Speed: 298.991489 samples/sec   top1-err=0.948201     top5-err=0.853239
Epoch[0] Batch [28249]     Speed: 299.102521 samples/sec   top1-err=0.948116     top5-err=0.853032
Epoch[0] Batch [28299]     Speed: 299.300003 samples/sec   top1-err=0.948019     top5-err=0.852807
Epoch[0] Batch [28349]     Speed: 298.590319 samples/sec   top1-err=0.947940     top5-err=0.852626
Epoch[0] Batch [28399]     Speed: 299.445653 samples/sec   top1-err=0.947816     top5-err=0.852381
Epoch[0] Batch [28449]     Speed: 299.124959 samples/sec   top1-err=0.947731     top5-err=0.852188
Epoch[0] Batch [28499]     Speed: 300.587497 samples/sec   top1-err=0.947632     top5-err=0.851969
Epoch[0] Batch [28549]     Speed: 300.625281 samples/sec   top1-err=0.947543     top5-err=0.851780
Epoch[0] Batch [28599]     Speed: 300.432705 samples/sec   top1-err=0.947444     top5-err=0.851553
Epoch[0] Batch [28649]     Speed: 299.130932 samples/sec   top1-err=0.947360     top5-err=0.851372
Epoch[0] Batch [28699]     Speed: 300.264180 samples/sec   top1-err=0.947259     top5-err=0.851161
Epoch[0] Batch [28749]     Speed: 300.829080 samples/sec   top1-err=0.947185     top5-err=0.850963
Epoch[0] Batch [28799]     Speed: 299.856039 samples/sec   top1-err=0.947089     top5-err=0.850762
Epoch[0] Batch [28849]     Speed: 299.418184 samples/sec   top1-err=0.946997     top5-err=0.850564
Epoch[0] Batch [28899]     Speed: 300.953317 samples/sec   top1-err=0.946904     top5-err=0.850368
Epoch[0] Batch [28949]     Speed: 299.685845 samples/sec   top1-err=0.946815     top5-err=0.850188
Epoch[0] Batch [28999]     Speed: 299.533062 samples/sec   top1-err=0.946719     top5-err=0.849983
Epoch[0] Batch [29049]     Speed: 299.828548 samples/sec   top1-err=0.946638     top5-err=0.849796
Epoch[0] Batch [29099]     Speed: 301.038626 samples/sec   top1-err=0.946542     top5-err=0.849592
Epoch[0] Batch [29149]     Speed: 300.076615 samples/sec   top1-err=0.946474     top5-err=0.849428
Epoch[0] Batch [29199]     Speed: 299.963303 samples/sec   top1-err=0.946363     top5-err=0.849218
Epoch[0] Batch [29249]     Speed: 299.650371 samples/sec   top1-err=0.946274     top5-err=0.849025
Epoch[0] Batch [29299]     Speed: 299.519172 samples/sec   top1-err=0.946190     top5-err=0.848843
Epoch[0] Batch [29349]     Speed: 298.919280 samples/sec   top1-err=0.946101     top5-err=0.848667
Epoch[0] Batch [29399]     Speed: 301.217810 samples/sec   top1-err=0.946000     top5-err=0.848458
Epoch[0] Batch [29449]     Speed: 300.786864 samples/sec   top1-err=0.945886     top5-err=0.848217
Epoch[0] Batch [29499]     Speed: 301.185932 samples/sec   top1-err=0.945779     top5-err=0.848002
Epoch[0] Batch [29549]     Speed: 300.791731 samples/sec   top1-err=0.945684     top5-err=0.847801
Epoch[0] Batch [29599]     Speed: 300.214815 samples/sec   top1-err=0.945579     top5-err=0.847601
Epoch[0] Batch [29649]     Speed: 300.557772 samples/sec   top1-err=0.945471     top5-err=0.847377
Epoch[0] Batch [29699]     Speed: 300.751978 samples/sec   top1-err=0.945365     top5-err=0.847152
Epoch[0] Batch [29749]     Speed: 299.673881 samples/sec   top1-err=0.945278     top5-err=0.846945
Epoch[0] Batch [29799]     Speed: 300.572795 samples/sec   top1-err=0.945171     top5-err=0.846723
Epoch[0] Batch [29849]     Speed: 300.517072 samples/sec   top1-err=0.945073     top5-err=0.846503
Epoch[0] Batch [29899]     Speed: 300.609390 samples/sec   top1-err=0.944984     top5-err=0.846296
Epoch[0] Batch [29949]     Speed: 298.710414 samples/sec   top1-err=0.944867     top5-err=0.846066
Epoch[0] Batch [29999]     Speed: 298.512727 samples/sec   top1-err=0.944790     top5-err=0.845884
Epoch[0] Batch [30049]     Speed: 298.484221 samples/sec   top1-err=0.944716     top5-err=0.845707
Epoch[0] Batch [30099]     Speed: 298.336586 samples/sec   top1-err=0.944625     top5-err=0.845514
Epoch[0] Batch [30149]     Speed: 298.277128 samples/sec   top1-err=0.944536     top5-err=0.845305
Epoch[0] Batch [30199]     Speed: 298.906352 samples/sec   top1-err=0.944456     top5-err=0.845107
Epoch[0] Batch [30249]     Speed: 298.978595 samples/sec   top1-err=0.944360     top5-err=0.844896
Epoch[0] Batch [30299]     Speed: 298.522673 samples/sec   top1-err=0.944262     top5-err=0.844701
Epoch[0] Batch [30349]     Speed: 299.111933 samples/sec   top1-err=0.944177     top5-err=0.844525
Epoch[0] Batch [30399]     Speed: 296.725529 samples/sec   top1-err=0.944086     top5-err=0.844344
Epoch[0] Batch [30449]     Speed: 298.194544 samples/sec   top1-err=0.944011     top5-err=0.844152
Epoch[0] Batch [30499]     Speed: 298.247912 samples/sec   top1-err=0.943910     top5-err=0.843972
Epoch[0] Batch [30549]     Speed: 297.682381 samples/sec   top1-err=0.943826     top5-err=0.843760
Epoch[0] Batch [30599]     Speed: 298.691348 samples/sec   top1-err=0.943753     top5-err=0.843568
Epoch[0] Batch [30649]     Speed: 299.675420 samples/sec   top1-err=0.943651     top5-err=0.843375
Epoch[0] Batch [30699]     Speed: 301.245880 samples/sec   top1-err=0.943561     top5-err=0.843190
Epoch[0] Batch [30749]     Speed: 300.010814 samples/sec   top1-err=0.943497     top5-err=0.843018
Epoch[0] Batch [30799]     Speed: 299.350081 samples/sec   top1-err=0.943415     top5-err=0.842807
Epoch[0] Batch [30849]     Speed: 300.894417 samples/sec   top1-err=0.943298     top5-err=0.842571
Epoch[0] Batch [30899]     Speed: 300.485437 samples/sec   top1-err=0.943200     top5-err=0.842360
Epoch[0] Batch [30949]     Speed: 301.025217 samples/sec   top1-err=0.943105     top5-err=0.842157
Epoch[0] Batch [30999]     Speed: 301.091895 samples/sec   top1-err=0.943019     top5-err=0.841978
Epoch[0] Batch [31049]     Speed: 299.828013 samples/sec   top1-err=0.942939     top5-err=0.841787
Epoch[0] Batch [31099]     Speed: 296.739949 samples/sec   top1-err=0.942837     top5-err=0.841581
Epoch[0] Batch [31149]     Speed: 295.272697 samples/sec   top1-err=0.942755     top5-err=0.841411
Epoch[0] Batch [31199]     Speed: 294.759275 samples/sec   top1-err=0.942673     top5-err=0.841249
Epoch[0] Batch [31249]     Speed: 296.655931 samples/sec   top1-err=0.942585     top5-err=0.841054
Epoch[0] Batch [31299]     Speed: 297.346939 samples/sec   top1-err=0.942494     top5-err=0.840850
Epoch[0] Batch [31349]     Speed: 299.870456 samples/sec   top1-err=0.942416     top5-err=0.840669
Epoch[0] Batch [31399]     Speed: 299.117399 samples/sec   top1-err=0.942335     top5-err=0.840486
Epoch[0] Batch [31449]     Speed: 297.920624 samples/sec   top1-err=0.942240     top5-err=0.840290
Epoch[0] Batch [31499]     Speed: 299.621165 samples/sec   top1-err=0.942172     top5-err=0.840119
Epoch[0] Batch [31549]     Speed: 298.777134 samples/sec   top1-err=0.942098     top5-err=0.839941
Epoch[0] Batch [31599]     Speed: 299.090217 samples/sec   top1-err=0.942017     top5-err=0.839758
Epoch[0] Batch [31649]     Speed: 298.022180 samples/sec   top1-err=0.941939     top5-err=0.839553
Epoch[0] Batch [31699]     Speed: 299.010793 samples/sec   top1-err=0.941832     top5-err=0.839337
Epoch[0] Batch [31749]     Speed: 298.791022 samples/sec   top1-err=0.941744     top5-err=0.839145
Epoch[0] Batch [31799]     Speed: 298.750294 samples/sec   top1-err=0.941647     top5-err=0.838959
Epoch[0] Batch [31849]     Speed: 300.559388 samples/sec   top1-err=0.941547     top5-err=0.838761
Epoch[0] Batch [31899]     Speed: 298.158919 samples/sec   top1-err=0.941456     top5-err=0.838578
Epoch[0] Batch [31949]     Speed: 300.144511 samples/sec   top1-err=0.941357     top5-err=0.838370
Epoch[0] Batch [31999]     Speed: 300.595764 samples/sec   top1-err=0.941279     top5-err=0.838159
Epoch[0] Batch [32049]     Speed: 300.199761 samples/sec   top1-err=0.941169     top5-err=0.837978
Epoch[0] Batch [32099]     Speed: 299.005584 samples/sec   top1-err=0.941080     top5-err=0.837777
Epoch[0] Batch [32149]     Speed: 300.068457 samples/sec   top1-err=0.940999     top5-err=0.837608
Epoch[0] Batch [32199]     Speed: 299.905272 samples/sec   top1-err=0.940909     top5-err=0.837408
Epoch[0] Batch [32249]     Speed: 300.195437 samples/sec   top1-err=0.940839     top5-err=0.837241
Epoch[0] Batch [32299]     Speed: 300.303468 samples/sec   top1-err=0.940743     top5-err=0.837075
Epoch[0] Batch [32349]     Speed: 299.634530 samples/sec   top1-err=0.940636     top5-err=0.836885
Epoch[0] Batch [32399]     Speed: 298.803076 samples/sec   top1-err=0.940544     top5-err=0.836695
Epoch[0] Batch [32449]     Speed: 299.426734 samples/sec   top1-err=0.940456     top5-err=0.836512
Epoch[0] Batch [32499]     Speed: 299.753203 samples/sec   top1-err=0.940368     top5-err=0.836329
Epoch[0] Batch [32549]     Speed: 299.692215 samples/sec   top1-err=0.940292     top5-err=0.836121
Epoch[0] Batch [32599]     Speed: 300.134698 samples/sec   top1-err=0.940192     top5-err=0.835925
Epoch[0] Batch [32649]     Speed: 299.205031 samples/sec   top1-err=0.940087     top5-err=0.835748
Epoch[0] Batch [32699]     Speed: 300.041611 samples/sec   top1-err=0.939990     top5-err=0.835571
Epoch[0] Batch [32749]     Speed: 300.183110 samples/sec   top1-err=0.939878     top5-err=0.835352
Epoch[0] Batch [32799]     Speed: 301.310559 samples/sec   top1-err=0.939788     top5-err=0.835157
Epoch[0] Batch [32849]     Speed: 300.275532 samples/sec   top1-err=0.939699     top5-err=0.834982
Epoch[0] Batch [32899]     Speed: 299.814109 samples/sec   top1-err=0.939617     top5-err=0.834803
Epoch[0] Batch [32949]     Speed: 301.104594 samples/sec   top1-err=0.939531     top5-err=0.834634
Epoch[0] Batch [32999]     Speed: 300.284360 samples/sec   top1-err=0.939438     top5-err=0.834432
Epoch[0] Batch [33049]     Speed: 300.429921 samples/sec   top1-err=0.939366     top5-err=0.834258
Epoch[0] Batch [33099]     Speed: 300.986576 samples/sec   top1-err=0.939290     top5-err=0.834095
Epoch[0] Batch [33149]     Speed: 300.205804 samples/sec   top1-err=0.939209     top5-err=0.833886
Epoch[0] Batch [33199]     Speed: 300.415006 samples/sec   top1-err=0.939102     top5-err=0.833668
Epoch[0] Batch [33249]     Speed: 300.950672 samples/sec   top1-err=0.939029     top5-err=0.833489
Epoch[0] Batch [33299]     Speed: 299.859764 samples/sec   top1-err=0.938929     top5-err=0.833276
Epoch[0] Batch [33349]     Speed: 299.382132 samples/sec   top1-err=0.938836     top5-err=0.833125
Epoch[0] Batch [33399]     Speed: 300.531230 samples/sec   top1-err=0.938724     top5-err=0.832915
Epoch[0] Batch [33449]     Speed: 300.868476 samples/sec   top1-err=0.938650     top5-err=0.832750
Epoch[0] Batch [33499]     Speed: 299.822936 samples/sec   top1-err=0.938565     top5-err=0.832562
Epoch[0] Batch [33549]     Speed: 301.309869 samples/sec   top1-err=0.938476     top5-err=0.832371
Epoch[0] Batch [33599]     Speed: 300.121947 samples/sec   top1-err=0.938390     top5-err=0.832182
Epoch[0] Batch [33649]     Speed: 300.813991 samples/sec   top1-err=0.938295     top5-err=0.832003
Epoch[0] Batch [33699]     Speed: 298.254619 samples/sec   top1-err=0.938237     top5-err=0.831857
Epoch[0] Batch [33749]     Speed: 300.220322 samples/sec   top1-err=0.938124     top5-err=0.831668
Epoch[0] Batch [33799]     Speed: 300.468606 samples/sec   top1-err=0.938053     top5-err=0.831489
Epoch[0] Batch [33849]     Speed: 300.845169 samples/sec   top1-err=0.937946     top5-err=0.831268
Epoch[0] Batch [33899]     Speed: 300.011699 samples/sec   top1-err=0.937873     top5-err=0.831100
Epoch[0] Batch [33949]     Speed: 299.366920 samples/sec   top1-err=0.937767     top5-err=0.830885
Epoch[0] Batch [33999]     Speed: 299.381664 samples/sec   top1-err=0.937690     top5-err=0.830709
Epoch[0] Batch [34049]     Speed: 299.705466 samples/sec   top1-err=0.937588     top5-err=0.830508
Epoch[0] Batch [34099]     Speed: 298.871595 samples/sec   top1-err=0.937510     top5-err=0.830318
Epoch[0] Batch [34149]     Speed: 300.004537 samples/sec   top1-err=0.937415     top5-err=0.830114
Epoch[0] Batch [34199]     Speed: 299.477323 samples/sec   top1-err=0.937321     top5-err=0.829908
Epoch[0] Batch [34249]     Speed: 300.445873 samples/sec   top1-err=0.937238     top5-err=0.829724
Epoch[0] Batch [34299]     Speed: 299.814711 samples/sec   top1-err=0.937144     top5-err=0.829524
Epoch[0] Batch [34349]     Speed: 299.215063 samples/sec   top1-err=0.937049     top5-err=0.829346
Epoch[0] Batch [34399]     Speed: 298.959149 samples/sec   top1-err=0.936958     top5-err=0.829162
Epoch[0] Batch [34449]     Speed: 298.228442 samples/sec   top1-err=0.936885     top5-err=0.829005
Epoch[0] Batch [34499]     Speed: 299.948501 samples/sec   top1-err=0.936789     top5-err=0.828807
Epoch[0] Batch [34549]     Speed: 298.934819 samples/sec   top1-err=0.936715     top5-err=0.828638
Epoch[0] Batch [34599]     Speed: 298.138877 samples/sec   top1-err=0.936638     top5-err=0.828458
Epoch[0] Batch [34649]     Speed: 300.101185 samples/sec   top1-err=0.936552     top5-err=0.828292
Epoch[0] Batch [34699]     Speed: 299.327997 samples/sec   top1-err=0.936464     top5-err=0.828120
Epoch[0] Batch [34749]     Speed: 300.357257 samples/sec   top1-err=0.936353     top5-err=0.827923
Epoch[0] Batch [34799]     Speed: 300.275747 samples/sec   top1-err=0.936272     top5-err=0.827752
Epoch[0] Batch [34849]     Speed: 300.502767 samples/sec   top1-err=0.936174     top5-err=0.827547
Epoch[0] Batch [34899]     Speed: 300.175926 samples/sec   top1-err=0.936073     top5-err=0.827355
Epoch[0] Batch [34949]     Speed: 300.431252 samples/sec   top1-err=0.935974     top5-err=0.827169
Epoch[0] Batch [34999]     Speed: 300.572647 samples/sec   top1-err=0.935887     top5-err=0.826973
Epoch[0] Batch [35049]     Speed: 299.506099 samples/sec   top1-err=0.935788     top5-err=0.826770
Epoch[0] Batch [35099]     Speed: 300.676895 samples/sec   top1-err=0.935708     top5-err=0.826587
Epoch[0] Batch [35149]     Speed: 299.331695 samples/sec   top1-err=0.935628     top5-err=0.826417
Epoch[0] Batch [35199]     Speed: 301.092179 samples/sec   top1-err=0.935574     top5-err=0.826262
Epoch[0] Batch [35249]     Speed: 300.401262 samples/sec   top1-err=0.935479     top5-err=0.826088
Epoch[0] Batch [35299]     Speed: 299.983577 samples/sec   top1-err=0.935389     top5-err=0.825921
Epoch[0] Batch [35349]     Speed: 298.560723 samples/sec   top1-err=0.935314     top5-err=0.825752
Epoch[0] Batch [35399]     Speed: 299.191438 samples/sec   top1-err=0.935222     top5-err=0.825594
Epoch[0] Batch [35449]     Speed: 300.127893 samples/sec   top1-err=0.935135     top5-err=0.825399
Epoch[0] Batch [35499]     Speed: 296.981272 samples/sec   top1-err=0.935056     top5-err=0.825224
Epoch[0] Batch [35549]     Speed: 298.262824 samples/sec   top1-err=0.934978     top5-err=0.825064
Epoch[0] Batch [35599]     Speed: 298.639682 samples/sec   top1-err=0.934917     top5-err=0.824901
Epoch[0] Batch [35649]     Speed: 297.525078 samples/sec   top1-err=0.934834     top5-err=0.824722
Epoch[0] Batch [35699]     Speed: 298.464786 samples/sec   top1-err=0.934753     top5-err=0.824549
Epoch[0] Batch [35749]     Speed: 297.905971 samples/sec   top1-err=0.934673     top5-err=0.824406
Epoch[0] Batch [35799]     Speed: 298.777800 samples/sec   top1-err=0.934576     top5-err=0.824234
Epoch[0] Batch [35849]     Speed: 299.174486 samples/sec   top1-err=0.934462     top5-err=0.824028
Epoch[0] Batch [35899]     Speed: 297.263183 samples/sec   top1-err=0.934392     top5-err=0.823865
Epoch[0] Batch [35949]     Speed: 298.045687 samples/sec   top1-err=0.934292     top5-err=0.823696
Epoch[0] Batch [35999]     Speed: 298.750706 samples/sec   top1-err=0.934214     top5-err=0.823530
Epoch[0] Batch [36049]     Speed: 300.777548 samples/sec   top1-err=0.934119     top5-err=0.823373
Epoch[0] Batch [36099]     Speed: 300.081324 samples/sec   top1-err=0.934043     top5-err=0.823191
Epoch[0] Batch [36149]     Speed: 300.759795 samples/sec   top1-err=0.933959     top5-err=0.823007
Epoch[0] Batch [36199]     Speed: 300.880144 samples/sec   top1-err=0.933893     top5-err=0.822844
Epoch[0] Batch [36249]     Speed: 300.726829 samples/sec   top1-err=0.933796     top5-err=0.822642
Epoch[0] Batch [36299]     Speed: 300.230906 samples/sec   top1-err=0.933738     top5-err=0.822502
Epoch[0] Batch [36349]     Speed: 300.516359 samples/sec   top1-err=0.933657     top5-err=0.822353
Epoch[0] Batch [36399]     Speed: 300.782442 samples/sec   top1-err=0.933564     top5-err=0.822160
Epoch[0] Batch [36449]     Speed: 299.792585 samples/sec   top1-err=0.933479     top5-err=0.821996
Epoch[0] Batch [36499]     Speed: 299.594293 samples/sec   top1-err=0.933395     top5-err=0.821820
Epoch[0] Batch [36549]     Speed: 299.579715 samples/sec   top1-err=0.933314     top5-err=0.821649
Epoch[0] Batch [36599]     Speed: 299.776368 samples/sec   top1-err=0.933218     top5-err=0.821467
Epoch[0] Batch [36649]     Speed: 299.061308 samples/sec   top1-err=0.933146     top5-err=0.821325
Epoch[0] Batch [36699]     Speed: 299.499589 samples/sec   top1-err=0.933062     top5-err=0.821163
Epoch[0] Batch [36749]     Speed: 299.284479 samples/sec   top1-err=0.932984     top5-err=0.820999
Epoch[0] Batch [36799]     Speed: 299.995874 samples/sec   top1-err=0.932889     top5-err=0.820806
Epoch[0] Batch [36849]     Speed: 299.393886 samples/sec   top1-err=0.932817     top5-err=0.820655
Epoch[0] Batch [36899]     Speed: 299.100308 samples/sec   top1-err=0.932745     top5-err=0.820492
Epoch[0] Batch [36949]     Speed: 299.438037 samples/sec   top1-err=0.932673     top5-err=0.820312
Epoch[0] Batch [36999]     Speed: 298.601639 samples/sec   top1-err=0.932601     top5-err=0.820155
Epoch[0] Batch [37049]     Speed: 298.916630 samples/sec   top1-err=0.932549     top5-err=0.820028
Epoch[0] Batch [37099]     Speed: 300.594996 samples/sec   top1-err=0.932473     top5-err=0.819853
Epoch[0] Batch [37149]     Speed: 300.037345 samples/sec   top1-err=0.932397     top5-err=0.819689
Epoch[0] Batch [37199]     Speed: 300.537730 samples/sec   top1-err=0.932321     top5-err=0.819514
Epoch[0] Batch [37249]     Speed: 299.771922 samples/sec   top1-err=0.932222     top5-err=0.819315
Epoch[0] Batch [37299]     Speed: 300.068296 samples/sec   top1-err=0.932144     top5-err=0.819131
Epoch[0] Batch [37349]     Speed: 301.331625 samples/sec   top1-err=0.932066     top5-err=0.818973
Epoch[0] Batch [37399]     Speed: 299.936892 samples/sec   top1-err=0.931982     top5-err=0.818803
Epoch[0] Batch [37449]     Speed: 301.379922 samples/sec   top1-err=0.931893     top5-err=0.818624
Epoch[0] Batch [37499]     Speed: 299.840203 samples/sec   top1-err=0.931835     top5-err=0.818475
Epoch[0] Batch [37549]     Speed: 299.891414 samples/sec   top1-err=0.931759     top5-err=0.818316
Epoch[0] Batch [37599]     Speed: 300.251498 samples/sec   top1-err=0.931674     top5-err=0.818152
Epoch[0] Batch [37649]     Speed: 299.922428 samples/sec   top1-err=0.931589     top5-err=0.817968
Epoch[0] Batch [37699]     Speed: 299.434135 samples/sec   top1-err=0.931501     top5-err=0.817805
Epoch[0] Batch [37749]     Speed: 298.458468 samples/sec   top1-err=0.931422     top5-err=0.817650
Epoch[0] Batch [37799]     Speed: 297.669111 samples/sec   top1-err=0.931371     top5-err=0.817499
Epoch[0] Batch [37849]     Speed: 298.420059 samples/sec   top1-err=0.931297     top5-err=0.817334
Epoch[0] Batch [37899]     Speed: 300.283917 samples/sec   top1-err=0.931217     top5-err=0.817177
Epoch[0] Batch [37949]     Speed: 299.534466 samples/sec   top1-err=0.931132     top5-err=0.817029
Epoch[0] Batch [37999]     Speed: 300.642775 samples/sec   top1-err=0.931044     top5-err=0.816844
Epoch[0] Batch [38049]     Speed: 299.807639 samples/sec   top1-err=0.930957     top5-err=0.816658
Epoch[0] Batch [38099]     Speed: 300.618399 samples/sec   top1-err=0.930885     top5-err=0.816508
Epoch[0] Batch [38149]     Speed: 299.731514 samples/sec   top1-err=0.930809     top5-err=0.816337
Epoch[0] Batch [38199]     Speed: 299.442299 samples/sec   top1-err=0.930730     top5-err=0.816194
Epoch[0] Batch [38249]     Speed: 299.810988 samples/sec   top1-err=0.930653     top5-err=0.816020
Epoch[0] Batch [38299]     Speed: 301.573295 samples/sec   top1-err=0.930579     top5-err=0.815875
Epoch[0] Batch [38349]     Speed: 299.516191 samples/sec   top1-err=0.930489     top5-err=0.815715
Epoch[0] Batch [38399]     Speed: 300.028090 samples/sec   top1-err=0.930418     top5-err=0.815555
Epoch[0] Batch [38449]     Speed: 300.123222 samples/sec   top1-err=0.930342     top5-err=0.815408
Epoch[0] Batch [38499]     Speed: 298.810965 samples/sec   top1-err=0.930269     top5-err=0.815239
Epoch[0] Batch [38549]     Speed: 299.291633 samples/sec   top1-err=0.930184     top5-err=0.815095
Epoch[0] Batch [38599]     Speed: 300.273678 samples/sec   top1-err=0.930116     top5-err=0.814919
Epoch[0] Batch [38649]     Speed: 300.738621 samples/sec   top1-err=0.930034     top5-err=0.814761
Epoch[0] Batch [38699]     Speed: 300.301277 samples/sec   top1-err=0.929960     top5-err=0.814619
Epoch[0] Batch [38749]     Speed: 299.454030 samples/sec   top1-err=0.929900     top5-err=0.814476
Epoch[0] Batch [38799]     Speed: 300.564691 samples/sec   top1-err=0.929831     top5-err=0.814336
Epoch[0] Batch [38849]     Speed: 300.796315 samples/sec   top1-err=0.929755     top5-err=0.814183
Epoch[0] Batch [38899]     Speed: 298.532911 samples/sec   top1-err=0.929682     top5-err=0.814036
Epoch[0] Batch [38949]     Speed: 301.562914 samples/sec   top1-err=0.929584     top5-err=0.813870
Epoch[0] Batch [38999]     Speed: 301.375483 samples/sec   top1-err=0.929513     top5-err=0.813708
Epoch[0] Batch [39049]     Speed: 300.996971 samples/sec   top1-err=0.929435     top5-err=0.813532
Epoch[0] Batch [39099]     Speed: 300.151290 samples/sec   top1-err=0.929368     top5-err=0.813384
Epoch[0] Batch [39149]     Speed: 300.211418 samples/sec   top1-err=0.929290     top5-err=0.813241
Epoch[0] Batch [39199]     Speed: 300.956287 samples/sec   top1-err=0.929208     top5-err=0.813072
Epoch[0] Batch [39249]     Speed: 300.436430 samples/sec   top1-err=0.929115     top5-err=0.812888
Epoch[0] Batch [39299]     Speed: 300.557732 samples/sec   top1-err=0.929041     top5-err=0.812733
Epoch[0] Batch [39349]     Speed: 301.161157 samples/sec   top1-err=0.928935     top5-err=0.812556
Epoch[0] Batch [39399]     Speed: 300.595050 samples/sec   top1-err=0.928864     top5-err=0.812424
Epoch[0] Batch [39449]     Speed: 300.096890 samples/sec   top1-err=0.928781     top5-err=0.812254
Epoch[0] Batch [39499]     Speed: 301.610432 samples/sec   top1-err=0.928733     top5-err=0.812112
Epoch[0] Batch [39549]     Speed: 301.069175 samples/sec   top1-err=0.928646     top5-err=0.811928
Epoch[0] Batch [39599]     Speed: 300.781606 samples/sec   top1-err=0.928582     top5-err=0.811801
Epoch[0] Batch [39649]     Speed: 300.645132 samples/sec   top1-err=0.928517     top5-err=0.811654
Epoch[0] Batch [39699]     Speed: 301.298452 samples/sec   top1-err=0.928426     top5-err=0.811507
Epoch[0] Batch [39749]     Speed: 300.584643 samples/sec   top1-err=0.928336     top5-err=0.811352
Epoch[0] Batch [39799]     Speed: 299.895837 samples/sec   top1-err=0.928267     top5-err=0.811213
Epoch[0] Batch [39849]     Speed: 300.141544 samples/sec   top1-err=0.928188     top5-err=0.811074
Epoch[0] Batch [39899]     Speed: 300.741115 samples/sec   top1-err=0.928113     top5-err=0.810919
Epoch[0] Batch [39949]     Speed: 300.573105 samples/sec   top1-err=0.928044     top5-err=0.810776
Epoch[0] Batch [39999]     Speed: 300.148149 samples/sec   top1-err=0.927965     top5-err=0.810618
[Epoch 0] training: err-top1=0.927917 err-top5=0.810503
[Epoch 0] time cost: 4351.974529
[Epoch 0] validation: err-top1=0.844730 err-top5=0.641795
[Epoch 1] training: err-top1=nan err-top5=nan
[Epoch 1] time cost: 0.000731
[Epoch 1] validation: err-top1=nan err-top5=nan
[Epoch 2] training: err-top1=nan err-top5=nan
[Epoch 2] time cost: 0.000054
[Epoch 2] validation: err-top1=nan err-top5=nan
[Epoch 3] training: err-top1=nan err-top5=nan
[Epoch 3] time cost: 0.000030
[Epoch 3] validation: err-top1=nan err-top5=nan
[Epoch 4] training: err-top1=nan err-top5=nan
[Epoch 4] time cost: 0.000028
[Epoch 4] validation: err-top1=nan err-top5=nan
[Epoch 5] training: err-top1=nan err-top5=nan
[Epoch 5] time cost: 0.000027
[Epoch 5] validation: err-top1=nan err-top5=nan
[Epoch 6] training: err-top1=nan err-top5=nan
[Epoch 6] time cost: 0.000026
[Epoch 6] validation: err-top1=nan err-top5=nan
[Epoch 7] training: err-top1=nan err-top5=nan
[Epoch 7] time cost: 0.000026
[Epoch 7] validation: err-top1=nan err-top5=nan
[Epoch 8] training: err-top1=nan err-top5=nan
[Epoch 8] time cost: 0.000031
[Epoch 8] validation: err-top1=nan err-top5=nan
[Epoch 9] training: err-top1=nan err-top5=nan
[Epoch 9] time cost: 0.000027
[Epoch 9] validation: err-top1=nan err-top5=nan
[Epoch 10] training: err-top1=nan err-top5=nan
[Epoch 10] time cost: 0.000027
[Epoch 10] validation: err-top1=nan err-top5=nan
[Epoch 11] training: err-top1=nan err-top5=nan
[Epoch 11] time cost: 0.000026
[Epoch 11] validation: err-top1=nan err-top5=nan
[Epoch 12] training: err-top1=nan err-top5=nan
[Epoch 12] time cost: 0.000026
[Epoch 12] validation: err-top1=nan err-top5=nan
[Epoch 13] training: err-top1=nan err-top5=nan
[Epoch 13] time cost: 0.000026
[Epoch 13] validation: err-top1=nan err-top5=nan
[Epoch 14] training: err-top1=nan err-top5=nan
[Epoch 14] time cost: 0.000026
[Epoch 14] validation: err-top1=nan err-top5=nan
[Epoch 15] training: err-top1=nan err-top5=nan
[Epoch 15] time cost: 0.000026
[Epoch 15] validation: err-top1=nan err-top5=nan
[Epoch 16] training: err-top1=nan err-top5=nan
[Epoch 16] time cost: 0.000028
[Epoch 16] validation: err-top1=nan err-top5=nan
[Epoch 17] training: err-top1=nan err-top5=nan
[Epoch 17] time cost: 0.000026
[Epoch 17] validation: err-top1=nan err-top5=nan
[Epoch 18] training: err-top1=nan err-top5=nan
[Epoch 18] time cost: 0.000026
[Epoch 18] validation: err-top1=nan err-top5=nan
[Epoch 19] training: err-top1=nan err-top5=nan
[Epoch 19] time cost: 0.000026
[Epoch 19] validation: err-top1=nan err-top5=nan
[Epoch 20] training: err-top1=nan err-top5=nan
[Epoch 20] time cost: 0.000026
[Epoch 20] validation: err-top1=nan err-top5=nan
[Epoch 21] training: err-top1=nan err-top5=nan
[Epoch 21] time cost: 0.000026
[Epoch 21] validation: err-top1=nan err-top5=nan
[Epoch 22] training: err-top1=nan err-top5=nan
[Epoch 22] time cost: 0.000026
[Epoch 22] validation: err-top1=nan err-top5=nan
[Epoch 23] training: err-top1=nan err-top5=nan
[Epoch 23] time cost: 0.000027
[Epoch 23] validation: err-top1=nan err-top5=nan
[Epoch 24] training: err-top1=nan err-top5=nan
[Epoch 24] time cost: 0.000025
[Epoch 24] validation: err-top1=nan err-top5=nan
[Epoch 25] training: err-top1=nan err-top5=nan
[Epoch 25] time cost: 0.000028
[Epoch 25] validation: err-top1=nan err-top5=nan
[Epoch 26] training: err-top1=nan err-top5=nan
[Epoch 26] time cost: 0.000025
[Epoch 26] validation: err-top1=nan err-top5=nan
[Epoch 27] training: err-top1=nan err-top5=nan
[Epoch 27] time cost: 0.000025
[Epoch 27] validation: err-top1=nan err-top5=nan
[Epoch 28] training: err-top1=nan err-top5=nan
[Epoch 28] time cost: 0.000025
[Epoch 28] validation: err-top1=nan err-top5=nan
[Epoch 29] training: err-top1=nan err-top5=nan
[Epoch 29] time cost: 0.000025
[Epoch 29] validation: err-top1=nan err-top5=nan
[Epoch 30] training: err-top1=nan err-top5=nan
[Epoch 30] time cost: 0.000043
[Epoch 30] validation: err-top1=nan err-top5=nan
[Epoch 31] training: err-top1=nan err-top5=nan
[Epoch 31] time cost: 0.000026
[Epoch 31] validation: err-top1=nan err-top5=nan
[Epoch 32] training: err-top1=nan err-top5=nan
[Epoch 32] time cost: 0.000025
[Epoch 32] validation: err-top1=nan err-top5=nan
[Epoch 33] training: err-top1=nan err-top5=nan
[Epoch 33] time cost: 0.000025
[Epoch 33] validation: err-top1=nan err-top5=nan
[Epoch 34] training: err-top1=nan err-top5=nan
[Epoch 34] time cost: 0.000025
[Epoch 34] validation: err-top1=nan err-top5=nan
[Epoch 35] training: err-top1=nan err-top5=nan
[Epoch 35] time cost: 0.000026
[Epoch 35] validation: err-top1=nan err-top5=nan
[Epoch 36] training: err-top1=nan err-top5=nan
[Epoch 36] time cost: 0.000025
[Epoch 36] validation: err-top1=nan err-top5=nan
[Epoch 37] training: err-top1=nan err-top5=nan
[Epoch 37] time cost: 0.000025
[Epoch 37] validation: err-top1=nan err-top5=nan
[Epoch 38] training: err-top1=nan err-top5=nan
[Epoch 38] time cost: 0.000025
[Epoch 38] validation: err-top1=nan err-top5=nan
[Epoch 39] training: err-top1=nan err-top5=nan
[Epoch 39] time cost: 0.000025
[Epoch 39] validation: err-top1=nan err-top5=nan
[Epoch 40] training: err-top1=nan err-top5=nan
[Epoch 40] time cost: 0.000025
[Epoch 40] validation: err-top1=nan err-top5=nan
[Epoch 41] training: err-top1=nan err-top5=nan
[Epoch 41] time cost: 0.000025
[Epoch 41] validation: err-top1=nan err-top5=nan
[Epoch 42] training: err-top1=nan err-top5=nan
[Epoch 42] time cost: 0.000025
[Epoch 42] validation: err-top1=nan err-top5=nan
[Epoch 43] training: err-top1=nan err-top5=nan
[Epoch 43] time cost: 0.000025
[Epoch 43] validation: err-top1=nan err-top5=nan
[Epoch 44] training: err-top1=nan err-top5=nan
[Epoch 44] time cost: 0.000025
[Epoch 44] validation: err-top1=nan err-top5=nan
[Epoch 45] training: err-top1=nan err-top5=nan
[Epoch 45] time cost: 0.000026
[Epoch 45] validation: err-top1=nan err-top5=nan
[Epoch 46] training: err-top1=nan err-top5=nan
[Epoch 46] time cost: 0.000026
[Epoch 46] validation: err-top1=nan err-top5=nan
[Epoch 47] training: err-top1=nan err-top5=nan
[Epoch 47] time cost: 0.000025
[Epoch 47] validation: err-top1=nan err-top5=nan
[Epoch 48] training: err-top1=nan err-top5=nan
[Epoch 48] time cost: 0.000025
[Epoch 48] validation: err-top1=nan err-top5=nan
[Epoch 49] training: err-top1=nan err-top5=nan
[Epoch 49] time cost: 0.000025
[Epoch 49] validation: err-top1=nan err-top5=nan
[Epoch 50] training: err-top1=nan err-top5=nan
[Epoch 50] time cost: 0.000025
[Epoch 50] validation: err-top1=nan err-top5=nan
[Epoch 51] training: err-top1=nan err-top5=nan
[Epoch 51] time cost: 0.000024
[Epoch 51] validation: err-top1=nan err-top5=nan
[Epoch 52] training: err-top1=nan err-top5=nan
[Epoch 52] time cost: 0.000025
[Epoch 52] validation: err-top1=nan err-top5=nan
[Epoch 53] training: err-top1=nan err-top5=nan
[Epoch 53] time cost: 0.000025
[Epoch 53] validation: err-top1=nan err-top5=nan
[Epoch 54] training: err-top1=nan err-top5=nan
[Epoch 54] time cost: 0.000025
[Epoch 54] validation: err-top1=nan err-top5=nan
[Epoch 55] training: err-top1=nan err-top5=nan
[Epoch 55] time cost: 0.000026
[Epoch 55] validation: err-top1=nan err-top5=nan
[Epoch 56] training: err-top1=nan err-top5=nan
[Epoch 56] time cost: 0.000025
[Epoch 56] validation: err-top1=nan err-top5=nan
[Epoch 57] training: err-top1=nan err-top5=nan
[Epoch 57] time cost: 0.000025
[Epoch 57] validation: err-top1=nan err-top5=nan
[Epoch 58] training: err-top1=nan err-top5=nan
[Epoch 58] time cost: 0.000027
[Epoch 58] validation: err-top1=nan err-top5=nan
[Epoch 59] training: err-top1=nan err-top5=nan
[Epoch 59] time cost: 0.000025
[Epoch 59] validation: err-top1=nan err-top5=nan
[Epoch 60] training: err-top1=nan err-top5=nan
[Epoch 60] time cost: 0.000064
[Epoch 60] validation: err-top1=nan err-top5=nan
[Epoch 61] training: err-top1=nan err-top5=nan
[Epoch 61] time cost: 0.000027
[Epoch 61] validation: err-top1=nan err-top5=nan
[Epoch 62] training: err-top1=nan err-top5=nan
[Epoch 62] time cost: 0.000026
[Epoch 62] validation: err-top1=nan err-top5=nan
[Epoch 63] training: err-top1=nan err-top5=nan
[Epoch 63] time cost: 0.000025
[Epoch 63] validation: err-top1=nan err-top5=nan
[Epoch 64] training: err-top1=nan err-top5=nan
[Epoch 64] time cost: 0.000025
[Epoch 64] validation: err-top1=nan err-top5=nan
[Epoch 65] training: err-top1=nan err-top5=nan
[Epoch 65] time cost: 0.000025
[Epoch 65] validation: err-top1=nan err-top5=nan
[Epoch 66] training: err-top1=nan err-top5=nan
[Epoch 66] time cost: 0.000025
[Epoch 66] validation: err-top1=nan err-top5=nan
[Epoch 67] training: err-top1=nan err-top5=nan
[Epoch 67] time cost: 0.000025
[Epoch 67] validation: err-top1=nan err-top5=nan
[Epoch 68] training: err-top1=nan err-top5=nan
[Epoch 68] time cost: 0.000025
[Epoch 68] validation: err-top1=nan err-top5=nan
[Epoch 69] training: err-top1=nan err-top5=nan
[Epoch 69] time cost: 0.000025
[Epoch 69] validation: err-top1=nan err-top5=nan
[Epoch 70] training: err-top1=nan err-top5=nan
[Epoch 70] time cost: 0.000025
[Epoch 70] validation: err-top1=nan err-top5=nan
[Epoch 71] training: err-top1=nan err-top5=nan
[Epoch 71] time cost: 0.000025
[Epoch 71] validation: err-top1=nan err-top5=nan
[Epoch 72] training: err-top1=nan err-top5=nan
[Epoch 72] time cost: 0.000029
[Epoch 72] validation: err-top1=nan err-top5=nan
[Epoch 73] training: err-top1=nan err-top5=nan
[Epoch 73] time cost: 0.000026
[Epoch 73] validation: err-top1=nan err-top5=nan
[Epoch 74] training: err-top1=nan err-top5=nan
[Epoch 74] time cost: 0.000025
[Epoch 74] validation: err-top1=nan err-top5=nan
[Epoch 75] training: err-top1=nan err-top5=nan
[Epoch 75] time cost: 0.000025
[Epoch 75] validation: err-top1=nan err-top5=nan
[Epoch 76] training: err-top1=nan err-top5=nan
[Epoch 76] time cost: 0.000026
[Epoch 76] validation: err-top1=nan err-top5=nan
[Epoch 77] training: err-top1=nan err-top5=nan
[Epoch 77] time cost: 0.000025
[Epoch 77] validation: err-top1=nan err-top5=nan
[Epoch 78] training: err-top1=nan err-top5=nan
[Epoch 78] time cost: 0.000025
[Epoch 78] validation: err-top1=nan err-top5=nan
[Epoch 79] training: err-top1=nan err-top5=nan
[Epoch 79] time cost: 0.000025
[Epoch 79] validation: err-top1=nan err-top5=nan
[Epoch 80] training: err-top1=nan err-top5=nan
[Epoch 80] time cost: 0.000025
[Epoch 80] validation: err-top1=nan err-top5=nan
[Epoch 81] training: err-top1=nan err-top5=nan
[Epoch 81] time cost: 0.000025
[Epoch 81] validation: err-top1=nan err-top5=nan
[Epoch 82] training: err-top1=nan err-top5=nan
[Epoch 82] time cost: 0.000025
[Epoch 82] validation: err-top1=nan err-top5=nan
[Epoch 83] training: err-top1=nan err-top5=nan
[Epoch 83] time cost: 0.000025
[Epoch 83] validation: err-top1=nan err-top5=nan
[Epoch 84] training: err-top1=nan err-top5=nan
[Epoch 84] time cost: 0.000025
[Epoch 84] validation: err-top1=nan err-top5=nan
[Epoch 85] training: err-top1=nan err-top5=nan
[Epoch 85] time cost: 0.000025
[Epoch 85] validation: err-top1=nan err-top5=nan
[Epoch 86] training: err-top1=nan err-top5=nan
[Epoch 86] time cost: 0.000025
[Epoch 86] validation: err-top1=nan err-top5=nan
[Epoch 87] training: err-top1=nan err-top5=nan
[Epoch 87] time cost: 0.000032
[Epoch 87] validation: err-top1=nan err-top5=nan
[Epoch 88] training: err-top1=nan err-top5=nan
[Epoch 88] time cost: 0.000030
[Epoch 88] validation: err-top1=nan err-top5=nan
[Epoch 89] training: err-top1=nan err-top5=nan
[Epoch 89] time cost: 0.000026
[Epoch 89] validation: err-top1=nan err-top5=nan
[Epoch 90] training: err-top1=nan err-top5=nan
[Epoch 90] time cost: 0.000025
[Epoch 90] validation: err-top1=nan err-top5=nan
[Epoch 91] training: err-top1=nan err-top5=nan
[Epoch 91] time cost: 0.000025
[Epoch 91] validation: err-top1=nan err-top5=nan
[Epoch 92] training: err-top1=nan err-top5=nan
[Epoch 92] time cost: 0.000025
[Epoch 92] validation: err-top1=nan err-top5=nan
[Epoch 93] training: err-top1=nan err-top5=nan
[Epoch 93] time cost: 0.000025
[Epoch 93] validation: err-top1=nan err-top5=nan
[Epoch 94] training: err-top1=nan err-top5=nan
[Epoch 94] time cost: 0.000025
[Epoch 94] validation: err-top1=nan err-top5=nan
[Epoch 95] training: err-top1=nan err-top5=nan
[Epoch 95] time cost: 0.000025
[Epoch 95] validation: err-top1=nan err-top5=nan
[Epoch 96] training: err-top1=nan err-top5=nan
[Epoch 96] time cost: 0.000025
[Epoch 96] validation: err-top1=nan err-top5=nan
[Epoch 97] training: err-top1=nan err-top5=nan
[Epoch 97] time cost: 0.000025
[Epoch 97] validation: err-top1=nan err-top5=nan
[Epoch 98] training: err-top1=nan err-top5=nan
[Epoch 98] time cost: 0.000025
[Epoch 98] validation: err-top1=nan err-top5=nan
[Epoch 99] training: err-top1=nan err-top5=nan
[Epoch 99] time cost: 0.000025
[Epoch 99] validation: err-top1=nan err-top5=nan
[Epoch 100] training: err-top1=nan err-top5=nan
[Epoch 100] time cost: 0.000025
[Epoch 100] validation: err-top1=nan err-top5=nan
[Epoch 101] training: err-top1=nan err-top5=nan
[Epoch 101] time cost: 0.000025
[Epoch 101] validation: err-top1=nan err-top5=nan
[Epoch 102] training: err-top1=nan err-top5=nan
[Epoch 102] time cost: 0.000025
[Epoch 102] validation: err-top1=nan err-top5=nan
[Epoch 103] training: err-top1=nan err-top5=nan
[Epoch 103] time cost: 0.000024
[Epoch 103] validation: err-top1=nan err-top5=nan
[Epoch 104] training: err-top1=nan err-top5=nan
[Epoch 104] time cost: 0.000025
[Epoch 104] validation: err-top1=nan err-top5=nan
[Epoch 105] training: err-top1=nan err-top5=nan
[Epoch 105] time cost: 0.000024
[Epoch 105] validation: err-top1=nan err-top5=nan
[Epoch 106] training: err-top1=nan err-top5=nan
[Epoch 106] time cost: 0.000030
[Epoch 106] validation: err-top1=nan err-top5=nan
[Epoch 107] training: err-top1=nan err-top5=nan
[Epoch 107] time cost: 0.000026
[Epoch 107] validation: err-top1=nan err-top5=nan
[Epoch 108] training: err-top1=nan err-top5=nan
[Epoch 108] time cost: 0.000025
[Epoch 108] validation: err-top1=nan err-top5=nan
[Epoch 109] training: err-top1=nan err-top5=nan
[Epoch 109] time cost: 0.000025
[Epoch 109] validation: err-top1=nan err-top5=nan
[Epoch 110] training: err-top1=nan err-top5=nan
[Epoch 110] time cost: 0.000025
[Epoch 110] validation: err-top1=nan err-top5=nan
[Epoch 111] training: err-top1=nan err-top5=nan
[Epoch 111] time cost: 0.000025
[Epoch 111] validation: err-top1=nan err-top5=nan
[Epoch 112] training: err-top1=nan err-top5=nan
[Epoch 112] time cost: 0.000025
[Epoch 112] validation: err-top1=nan err-top5=nan
[Epoch 113] training: err-top1=nan err-top5=nan
[Epoch 113] time cost: 0.000025
[Epoch 113] validation: err-top1=nan err-top5=nan
[Epoch 114] training: err-top1=nan err-top5=nan
[Epoch 114] time cost: 0.000024
[Epoch 114] validation: err-top1=nan err-top5=nan
[Epoch 115] training: err-top1=nan err-top5=nan
[Epoch 115] time cost: 0.000025
[Epoch 115] validation: err-top1=nan err-top5=nan
[Epoch 116] training: err-top1=nan err-top5=nan
[Epoch 116] time cost: 0.000025
[Epoch 116] validation: err-top1=nan err-top5=nan
[Epoch 117] training: err-top1=nan err-top5=nan
[Epoch 117] time cost: 0.000025
[Epoch 117] validation: err-top1=nan err-top5=nan
[Epoch 118] training: err-top1=nan err-top5=nan
[Epoch 118] time cost: 0.000025
[Epoch 118] validation: err-top1=nan err-top5=nan
[Epoch 119] training: err-top1=nan err-top5=nan
[Epoch 119] time cost: 0.000030
[Epoch 119] validation: err-top1=nan err-top5=nan
Training Phase Done.
