Imports successful
Model Init Done.
Starting Training Loop
[Epoch 0] train=0.224780 val=0.314600 loss=127808.889465 time: 29.027046
[Epoch 1] train=0.288101 val=0.329000 loss=118989.074097 time: 27.239472
[Epoch 2] train=0.313482 val=0.344800 loss=115928.655853 time: 27.143737
[Epoch 3] train=0.313862 val=0.365400 loss=113767.832886 time: 27.187140
[Epoch 4] train=0.368930 val=0.397600 loss=103702.319382 time: 27.305133
[Epoch 5] train=0.385837 val=0.435600 loss=100645.997528 time: 26.989435
[Epoch 6] train=0.427023 val=0.452500 loss=94466.145615 time: 27.244453
[Epoch 7] train=0.452845 val=0.447400 loss=89550.855423 time: 27.163343
[Epoch 8] train=0.463822 val=0.483900 loss=87042.982895 time: 27.196323
[Epoch 9] train=0.488762 val=0.510000 loss=83230.500641 time: 27.339551
[Epoch 10] train=0.509175 val=0.530200 loss=79199.621857 time: 27.190275
[Epoch 11] train=0.514123 val=0.536300 loss=78084.563278 time: 27.180342
[Epoch 12] train=0.531490 val=0.558900 loss=75168.541794 time: 27.304995
[Epoch 13] train=0.519752 val=0.550300 loss=79366.612534 time: 27.335007
[Epoch 14] train=0.541907 val=0.495800 loss=73206.439072 time: 27.254509
[Epoch 15] train=0.516526 val=0.528100 loss=77562.594666 time: 27.008710
[Epoch 16] train=0.558874 val=0.573600 loss=70339.245071 time: 27.105960
[Epoch 17] train=0.581931 val=0.586500 loss=66122.221756 time: 27.319857
[Epoch 18] train=0.603045 val=0.582700 loss=62245.520218 time: 27.189522
[Epoch 19] train=0.598578 val=0.591800 loss=62410.893448 time: 27.127932
[Epoch 20] train=0.624679 val=0.604200 loss=58353.078232 time: 27.148161
[Epoch 21] train=0.592708 val=0.588000 loss=64645.355423 time: 27.158233
[Epoch 22] train=0.623918 val=0.587900 loss=59015.718620 time: 27.192971
[Epoch 23] train=0.648017 val=0.608000 loss=54372.393082 time: 27.177171
[Epoch 24] train=0.667448 val=0.623600 loss=51099.280022 time: 27.357329
[Epoch 25] train=0.682392 val=0.639100 loss=48461.546204 time: 27.372820
[Epoch 26] train=0.692007 val=0.631700 loss=47068.560806 time: 27.383689
[Epoch 27] train=0.697436 val=0.630200 loss=45913.187889 time: 27.144644
[Epoch 28] train=0.709535 val=0.628000 loss=43879.191719 time: 27.327615
[Epoch 29] train=0.710036 val=0.635300 loss=44154.819626 time: 27.276575
[Epoch 30] train=0.727704 val=0.643100 loss=40997.735825 time: 27.341988
[Epoch 31] train=0.720994 val=0.652200 loss=42325.234375 time: 27.222347
[Epoch 32] train=0.737220 val=0.636900 loss=39348.817848 time: 27.477314
[Epoch 33] train=0.755228 val=0.647800 loss=36553.897087 time: 27.183137
[Epoch 34] train=0.770092 val=0.646400 loss=34540.381516 time: 27.129343
[Epoch 35] train=0.777224 val=0.641100 loss=33020.894119 time: 27.045584
[Epoch 36] train=0.788562 val=0.646200 loss=31174.634823 time: 27.112717
[Epoch 37] train=0.788281 val=0.639300 loss=31279.478600 time: 27.452462
[Epoch 38] train=0.805268 val=0.648100 loss=28437.883068 time: 27.179219
[Epoch 39] train=0.815325 val=0.623000 loss=27301.975853 time: 27.264518
[Epoch 40] train=0.820353 val=0.651100 loss=26201.091125 time: 27.418941
[Epoch 41] train=0.835397 val=0.656900 loss=23982.264816 time: 27.181351
[Epoch 42] train=0.843189 val=0.651700 loss=22552.736950 time: 27.395296
[Epoch 43] train=0.855609 val=0.660600 loss=21245.834213 time: 27.305458
[Epoch 44] train=0.860797 val=0.648700 loss=20380.523502 time: 27.271297
[Epoch 45] train=0.869111 val=0.656600 loss=19526.680981 time: 27.187085
[Epoch 46] train=0.871655 val=0.654200 loss=18748.858198 time: 27.344906
[Epoch 47] train=0.879607 val=0.655700 loss=17465.761848 time: 27.259541
[Epoch 48] train=0.887680 val=0.655300 loss=16159.340862 time: 27.299777
[Epoch 49] train=0.888862 val=0.648800 loss=16128.157236 time: 27.409698
[Epoch 50] train=0.895713 val=0.651700 loss=15284.471264 time: 27.367164
[Epoch 51] train=0.896895 val=0.654000 loss=14952.134090 time: 27.198622
[Epoch 52] train=0.905409 val=0.650800 loss=13824.818157 time: 27.190354
[Epoch 53] train=0.911579 val=0.661500 loss=12914.688165 time: 27.281123
[Epoch 54] train=0.917468 val=0.655500 loss=12201.897013 time: 27.471648
[Epoch 55] train=0.920192 val=0.654900 loss=11561.110455 time: 27.302604
[Epoch 56] train=0.921635 val=0.654900 loss=11424.649477 time: 27.068138
[Epoch 57] train=0.927344 val=0.663200 loss=10528.616067 time: 27.407814
[Epoch 58] train=0.927404 val=0.658800 loss=10549.464688 time: 27.093843
[Epoch 59] train=0.929788 val=0.649000 loss=10121.791507 time: 27.321200
[Epoch 60] train=0.932612 val=0.657700 loss=9868.646371 time: 27.067992
[Epoch 61] train=0.933994 val=0.659400 loss=9592.421369 time: 27.170730
[Epoch 62] train=0.939002 val=0.655800 loss=8826.761534 time: 27.352517
[Epoch 63] train=0.939643 val=0.660600 loss=8816.179949 time: 27.065640
[Epoch 64] train=0.944091 val=0.656700 loss=8226.927568 time: 27.293331
[Epoch 65] train=0.943950 val=0.659900 loss=8276.369150 time: 27.258518
[Epoch 66] train=0.946875 val=0.657300 loss=7832.505131 time: 27.293807
[Epoch 67] train=0.947696 val=0.661000 loss=7653.284624 time: 27.203616
[Epoch 68] train=0.946514 val=0.658300 loss=7942.349122 time: 27.047330
[Epoch 69] train=0.951182 val=0.663900 loss=7222.961715 time: 27.287270
[Epoch 70] train=0.951242 val=0.659700 loss=7304.718163 time: 27.178529
[Epoch 71] train=0.951923 val=0.660100 loss=7108.882965 time: 27.108304
[Epoch 72] train=0.952644 val=0.653400 loss=6951.065939 time: 27.089075
[Epoch 73] train=0.955509 val=0.658700 loss=6616.907025 time: 27.437345
[Epoch 74] train=0.956851 val=0.652900 loss=6297.752541 time: 27.311409
[Epoch 75] train=0.958293 val=0.650000 loss=6149.312001 time: 27.443384
[Epoch 76] train=0.956751 val=0.655300 loss=6404.970959 time: 27.205195
[Epoch 77] train=0.960256 val=0.660100 loss=6000.389774 time: 27.074898
[Epoch 78] train=0.960717 val=0.658100 loss=5727.234972 time: 27.094260
[Epoch 79] train=0.960256 val=0.656300 loss=5891.232419 time: 27.150076
[Epoch 80] train=0.979227 val=0.679600 loss=3165.662016 time: 27.184824
[Epoch 81] train=0.987240 val=0.681200 loss=2040.085315 time: 27.055134
[Epoch 82] train=0.990345 val=0.683100 loss=1708.336326 time: 27.366107
[Epoch 83] train=0.992248 val=0.682500 loss=1386.643647 time: 27.166008
[Epoch 84] train=0.993570 val=0.685400 loss=1192.328195 time: 27.129977
[Epoch 85] train=0.993870 val=0.685100 loss=1112.323780 time: 27.273808
[Epoch 86] train=0.994651 val=0.687500 loss=1032.560179 time: 27.052830
[Epoch 87] train=0.994551 val=0.681900 loss=992.355125 time: 27.140347
[Epoch 88] train=0.994611 val=0.684700 loss=925.547919 time: 27.189400
[Epoch 89] train=0.994992 val=0.683700 loss=892.883680 time: 27.018641
[Epoch 90] train=0.995292 val=0.682000 loss=894.808926 time: 27.363462
[Epoch 91] train=0.996074 val=0.684100 loss=761.786342 time: 27.214208
[Epoch 92] train=0.995753 val=0.689000 loss=726.856508 time: 27.366505
[Epoch 93] train=0.996434 val=0.689200 loss=661.195323 time: 27.234987
[Epoch 94] train=0.996054 val=0.689500 loss=729.059291 time: 27.038591
[Epoch 95] train=0.995833 val=0.688500 loss=720.642600 time: 27.341636
[Epoch 96] train=0.996134 val=0.687100 loss=652.068309 time: 27.150738
[Epoch 97] train=0.996915 val=0.685200 loss=572.154669 time: 27.180507
[Epoch 98] train=0.996835 val=0.686900 loss=607.035634 time: 27.125502
[Epoch 99] train=0.997216 val=0.689500 loss=552.367161 time: 27.217665
[Epoch 100] train=0.996835 val=0.684900 loss=552.475149 time: 26.974327
[Epoch 101] train=0.997055 val=0.687600 loss=514.980963 time: 27.007311
[Epoch 102] train=0.997055 val=0.687700 loss=503.205890 time: 27.111825
[Epoch 103] train=0.997175 val=0.687500 loss=487.095161 time: 27.093758
[Epoch 104] train=0.997236 val=0.688300 loss=497.073757 time: 27.158057
[Epoch 105] train=0.997696 val=0.690500 loss=444.623919 time: 27.220706
[Epoch 106] train=0.997396 val=0.691200 loss=472.556336 time: 27.305528
[Epoch 107] train=0.997616 val=0.692500 loss=443.320823 time: 27.257122
[Epoch 108] train=0.997917 val=0.692600 loss=401.612432 time: 27.157537
[Epoch 109] train=0.997776 val=0.691800 loss=394.072097 time: 27.053721
[Epoch 110] train=0.997776 val=0.692600 loss=411.247980 time: 27.248985
[Epoch 111] train=0.997576 val=0.690100 loss=441.246990 time: 27.102896
[Epoch 112] train=0.998297 val=0.691500 loss=338.249867 time: 27.204937
[Epoch 113] train=0.997857 val=0.689200 loss=376.845772 time: 27.127547
[Epoch 114] train=0.997837 val=0.691900 loss=405.041181 time: 27.055950
[Epoch 115] train=0.997997 val=0.689800 loss=351.352221 time: 27.496325
[Epoch 116] train=0.997857 val=0.687200 loss=373.108014 time: 27.216200
[Epoch 117] train=0.998257 val=0.688700 loss=348.039111 time: 27.213347
[Epoch 118] train=0.997496 val=0.687500 loss=385.310848 time: 27.178147
[Epoch 119] train=0.998097 val=0.688600 loss=353.512425 time: 27.215331
Done.
